#
# A fatal error has been detected by the Java Runtime Environment:
#
#  Internal Error (generateOopMap.cpp:2159), pid=6728, tid=18332
#  fatal error: Illegal class file encountered. Try running with -Xverify:all in method createQuery
#
# JRE version: OpenJDK Runtime Environment (19.0.2+7) (build 19.0.2+7-44)
# Java VM: OpenJDK 64-Bit Server VM (19.0.2+7-44, mixed mode, emulated-client, sharing, tiered, compressed oops, compressed class ptrs, g1 gc, windows-amd64)
# No core dump will be written. Minidumps are not enabled by default on client versions of Windows
#
# If you would like to submit a bug report, please visit:
#   https://bugreport.java.com/bugreport/crash.jsp
#

---------------  S U M M A R Y ------------

Command Line: -agentlib:jdwp=transport=dt_socket,address=127.0.0.1:59286,suspend=y,server=n -XX:TieredStopAtLevel=1 -Dspring.output.ansi.enabled=always -Dcom.sun.management.jmxremote -Dspring.jmx.enabled=true -Dspring.liveBeansView.mbeanDomain -Dspring.application.admin.enabled=true -Dmanagement.endpoints.jmx.exposure.include=* -javaagent:C:\Users\Javohir\AppData\Local\JetBrains\IntelliJIdea2023.1\captureAgent\debugger-agent.jar -Dfile.encoding=UTF-8 -Dsun.stdout.encoding=UTF-8 -Dsun.stderr.encoding=UTF-8 com.example.uzum.UzumApplication

Host: Intel(R) Core(TM) i5-10210U CPU @ 1.60GHz, 8 cores, 15G,  Windows 10 , 64 bit Build 19041 (10.0.19041.2913)
Time: Tue Jun 13 21:03:10 2023 Russia TZ 4 Standard Time elapsed time: 984.393691 seconds (0d 0h 16m 24s)

---------------  T H R E A D  ---------------

Current thread (0x000002934164fda0):  VMThread "VM Thread" [stack: 0x000000f96ab00000,0x000000f96ac00000] [id=18332]

Stack: [0x000000f96ab00000,0x000000f96ac00000]
Native frames: (J=compiled Java code, j=interpreted, Vv=VM code, C=native code)
V  [jvm.dll+0x6ee21a]
V  [jvm.dll+0x85765e]
V  [jvm.dll+0x85904e]
V  [jvm.dll+0x2826db]
V  [jvm.dll+0x391db4]
V  [jvm.dll+0x38f33f]
V  [jvm.dll+0x39080e]
V  [jvm.dll+0x38ddc5]
V  [jvm.dll+0x38cf41]
V  [jvm.dll+0x6dcb86]
V  [jvm.dll+0x6dc896]
V  [jvm.dll+0x6a15d8]
V  [jvm.dll+0x84e2a0]
V  [jvm.dll+0x593647]
V  [jvm.dll+0x85ebc3]
V  [jvm.dll+0x85f989]
V  [jvm.dll+0x85febd]
V  [jvm.dll+0x86034b]
V  [jvm.dll+0x860407]
V  [jvm.dll+0x80125a]
V  [jvm.dll+0x6ecf0b]
C  [ucrtbase.dll+0x21bb2]
C  [KERNEL32.DLL+0x17614]
C  [ntdll.dll+0x526a1]

VM_Operation (0x000000f96b6ff370): get/set locals, mode: safepoint, requested by thread 0x0000029345d6b040


---------------  P R O C E S S  ---------------

Threads class SMR info:
_java_thread_list=0x0000029348b1e930, length=33, elements={
0x0000029341668ea0, 0x0000029341669e30, 0x000002934166d7e0, 0x00000293416703c0,
0x0000029341671980, 0x0000029341673eb0, 0x0000029341675290, 0x0000029341671ed0,
0x0000029341673410, 0x0000029345d6b040, 0x0000029345d7dfe0, 0x0000029345d80540,
0x0000029341672ec0, 0x0000029341672970, 0x0000029341670ee0, 0x00000293470c96b0,
0x00000293470ce110, 0x00000293470ce660, 0x00000293470c7180, 0x00000293470c9c00,
0x00000293470cd670, 0x00000293470c6c30, 0x00000293470cbbe0, 0x00000293470ca150,
0x00000293470cabf0, 0x00000293470cb140, 0x00000293470cdbc0, 0x00000293470c8c10,
0x00000293470c86c0, 0x00000293470c9160, 0x00000293470cb690, 0x00000293470cc130,
0x00000293470c76d0
}

Java Threads: ( => current thread )
  0x0000029341668ea0 JavaThread "Reference Handler" daemon [_thread_blocked, id=9292, stack(0x000000f96ac00000,0x000000f96ad00000)]
  0x0000029341669e30 JavaThread "Finalizer" daemon [_thread_blocked, id=20960, stack(0x000000f96ad00000,0x000000f96ae00000)]
  0x000002934166d7e0 JavaThread "Signal Dispatcher" daemon [_thread_blocked, id=9128, stack(0x000000f96ae00000,0x000000f96af00000)]
  0x00000293416703c0 JavaThread "Attach Listener" daemon [_thread_blocked, id=17924, stack(0x000000f96af00000,0x000000f96b000000)]
  0x0000029341671980 JavaThread "Service Thread" daemon [_thread_blocked, id=6120, stack(0x000000f96b000000,0x000000f96b100000)]
  0x0000029341673eb0 JavaThread "Monitor Deflation Thread" daemon [_thread_blocked, id=20592, stack(0x000000f96b100000,0x000000f96b200000)]
  0x0000029341675290 JavaThread "C1 CompilerThread0" daemon [_thread_blocked, id=4176, stack(0x000000f96b200000,0x000000f96b300000)]
  0x0000029341671ed0 JavaThread "Sweeper thread" daemon [_thread_blocked, id=20120, stack(0x000000f96b300000,0x000000f96b400000)]
  0x0000029341673410 JavaThread "Common-Cleaner" daemon [_thread_blocked, id=12124, stack(0x000000f96b400000,0x000000f96b500000)]
  0x0000029345d6b040 JavaThread "JDWP Transport Listener: dt_socket" daemon [_thread_blocked, id=2360, stack(0x000000f96b600000,0x000000f96b700000)] _threads_hazard_ptr=0x0000029348b1e930
  0x0000029345d7dfe0 JavaThread "JDWP Event Helper Thread" daemon [_thread_blocked, id=16476, stack(0x000000f96b700000,0x000000f96b800000)]
  0x0000029345d80540 JavaThread "JDWP Command Reader" daemon [_thread_in_native, id=2836, stack(0x000000f96b800000,0x000000f96b900000)]
  0x0000029341672ec0 JavaThread "Notification Thread" daemon [_thread_blocked, id=18344, stack(0x000000f96b900000,0x000000f96ba00000)]
  0x0000029341672970 JavaThread "RMI TCP Accept-0" daemon [_thread_in_native, id=8980, stack(0x000000f96bc00000,0x000000f96bd00000)]
  0x0000029341670ee0 JavaThread "RMI Scheduler(0)" daemon [_thread_blocked, id=19972, stack(0x000000f96c600000,0x000000f96c700000)]
  0x00000293470c96b0 JavaThread "PostgreSQL-JDBC-Cleaner" daemon [_thread_blocked, id=12348, stack(0x000000f96c900000,0x000000f96ca00000)]
  0x00000293470ce110 JavaThread "HikariPool-1 housekeeper" daemon [_thread_blocked, id=6320, stack(0x000000f96ca00000,0x000000f96cb00000)]
  0x00000293470ce660 JavaThread "Catalina-utility-1" [_thread_blocked, id=2600, stack(0x000000f96cc00000,0x000000f96cd00000)]
  0x00000293470c7180 JavaThread "Catalina-utility-2" [_thread_blocked, id=7956, stack(0x000000f96cd00000,0x000000f96ce00000)]
  0x00000293470c9c00 JavaThread "container-0" [_thread_blocked, id=5112, stack(0x000000f96ce00000,0x000000f96cf00000)]
  0x00000293470cd670 JavaThread "http-nio-8080-exec-1" daemon [_thread_blocked, id=15380, stack(0x000000f96cf00000,0x000000f96d000000)]
  0x00000293470c6c30 JavaThread "http-nio-8080-exec-2" daemon [_thread_blocked, id=15524, stack(0x000000f96d000000,0x000000f96d100000)]
  0x00000293470cbbe0 JavaThread "http-nio-8080-exec-3" daemon [_thread_blocked, id=2044, stack(0x000000f96d100000,0x000000f96d200000)]
  0x00000293470ca150 JavaThread "http-nio-8080-exec-4" daemon [_thread_blocked, id=8720, stack(0x000000f96d200000,0x000000f96d300000)]
  0x00000293470cabf0 JavaThread "http-nio-8080-exec-5" daemon [_thread_blocked, id=11792, stack(0x000000f96d300000,0x000000f96d400000)]
  0x00000293470cb140 JavaThread "http-nio-8080-exec-6" daemon [_thread_blocked, id=12396, stack(0x000000f96d400000,0x000000f96d500000)]
  0x00000293470cdbc0 JavaThread "http-nio-8080-exec-7" daemon [_thread_blocked, id=11376, stack(0x000000f96d500000,0x000000f96d600000)]
  0x00000293470c8c10 JavaThread "http-nio-8080-exec-8" daemon [_thread_blocked, id=8940, stack(0x000000f96d600000,0x000000f96d700000)]
  0x00000293470c86c0 JavaThread "http-nio-8080-exec-9" daemon [_thread_blocked, id=12284, stack(0x000000f96d700000,0x000000f96d800000)]
  0x00000293470c9160 JavaThread "http-nio-8080-exec-10" daemon [_thread_blocked, id=7328, stack(0x000000f96d800000,0x000000f96d900000)]
  0x00000293470cb690 JavaThread "http-nio-8080-Poller" daemon [_thread_in_native, id=13152, stack(0x000000f96d900000,0x000000f96da00000)]
  0x00000293470cc130 JavaThread "http-nio-8080-Acceptor" daemon [_thread_in_native, id=3048, stack(0x000000f96da00000,0x000000f96db00000)]
  0x00000293470c76d0 JavaThread "DestroyJavaVM" [_thread_blocked, id=11968, stack(0x000000f96a500000,0x000000f96a600000)]

Other Threads:
=>0x000002934164fda0 VMThread "VM Thread" [stack: 0x000000f96ab00000,0x000000f96ac00000] [id=18332]
  0x0000029345d87670 WatcherThread "VM Periodic Task Thread" [stack: 0x000000f96c400000,0x000000f96c500000] [id=12624]
  0x000002932a9e3490 WorkerThread "GC Thread#0" [stack: 0x000000f96a600000,0x000000f96a700000] [id=17048]
  0x0000029346593500 WorkerThread "GC Thread#1" [stack: 0x000000f96bd00000,0x000000f96be00000] [id=2628]
  0x0000029346595be0 WorkerThread "GC Thread#2" [stack: 0x000000f96be00000,0x000000f96bf00000] [id=12100]
  0x00000293465960c0 WorkerThread "GC Thread#3" [stack: 0x000000f96bf00000,0x000000f96c000000] [id=15040]
  0x00000293465987b0 WorkerThread "GC Thread#4" [stack: 0x000000f96c000000,0x000000f96c100000] [id=18848]
  0x0000029346599290 WorkerThread "GC Thread#5" [stack: 0x000000f96c100000,0x000000f96c200000] [id=18928]
  0x00000293465d1f20 WorkerThread "GC Thread#6" [stack: 0x000000f96c200000,0x000000f96c300000] [id=15744]
  0x00000293465d16b0 WorkerThread "GC Thread#7" [stack: 0x000000f96c300000,0x000000f96c400000] [id=15576]
  0x000002932a9f41e0 ConcurrentGCThread "G1 Main Marker" [stack: 0x000000f96a700000,0x000000f96a800000] [id=19332]
  0x000002932a9f4b20 WorkerThread "G1 Conc#0" [stack: 0x000000f96a800000,0x000000f96a900000] [id=10720]
  0x00000293465d24c0 WorkerThread "G1 Conc#1" [stack: 0x000000f96c800000,0x000000f96c900000] [id=11924]
  0x000002932aa2eaf0 ConcurrentGCThread "G1 Refine#0" [stack: 0x000000f96a900000,0x000000f96aa00000] [id=9816]
  0x000002934150aa20 ConcurrentGCThread "G1 Service" [stack: 0x000000f96aa00000,0x000000f96ab00000] [id=12468]

Threads with active compile tasks:

VM state: at safepoint (normal execution)

VM Mutex/Monitor currently owned by a thread:  ([mutex/lock_event])
[0x000002932a96e920] Threads_lock - owner thread: 0x000002934164fda0

Heap address: 0x0000000702c00000, size: 4052 MB, Compressed Oops mode: Zero based, Oop shift amount: 3

CDS archive(s) mapped at: [0x0000000800000000-0x0000000800c40000-0x0000000800c40000), size 12845056, SharedBaseAddress: 0x0000000800000000, ArchiveRelocationMode: 0.
Compressed class space mapped at: 0x0000000801000000-0x0000000841000000, reserved size: 1073741824
Narrow klass base: 0x0000000800000000, Narrow klass shift: 0, Narrow klass range: 0x100000000

GC Precious Log:
 CardTable entry size: 512
 Card Set container configuration: InlinePtr #cards 4 size 8 Array Of Cards #cards 16 size 48 Howl #buckets 8 coarsen threshold 3686 Howl Bitmap #cards 512 size 80 coarsen threshold 460 Card regions per heap region 1 cards per card region 4096
 CPUs: 8 total, 8 available
 Memory: 16205M
 Large Page Support: Disabled
 NUMA Support: Disabled
 Compressed Oops: Enabled (Zero based)
 Heap Region Size: 2M
 Heap Min Capacity: 8M
 Heap Initial Capacity: 254M
 Heap Max Capacity: 4052M
 Pre-touch: Disabled
 Parallel Workers: 8
 Concurrent Workers: 2
 Concurrent Refinement Workers: 8
 Periodic GC: Disabled

Heap:
 garbage-first heap   total 370688K, used 112174K [0x0000000702c00000, 0x0000000800000000)
  region size 2048K, 34 young (69632K), 2 survivors (4096K)
 Metaspace       used 70976K, committed 71680K, reserved 1114112K
  class space    used 9633K, committed 9984K, reserved 1048576K

Heap Regions: E=young(eden), S=young(survivor), O=old, HS=humongous(starts), HC=humongous(continues), CS=collection set, F=free, OA=open archive, CA=closed archive, TAMS=top-at-mark-start (previous, next)
|   0|0x0000000702c00000, 0x0000000702e00000, 0x0000000702e00000|100%| O|  |TAMS 0x0000000702e00000, 0x0000000702c00000| Untracked 
|   1|0x0000000702e00000, 0x0000000703000000, 0x0000000703000000|100%| O|  |TAMS 0x0000000703000000, 0x0000000702e00000| Untracked 
|   2|0x0000000703000000, 0x0000000703200000, 0x0000000703200000|100%| O|  |TAMS 0x0000000703200000, 0x0000000703000000| Untracked 
|   3|0x0000000703200000, 0x0000000703400000, 0x0000000703400000|100%| O|  |TAMS 0x0000000703400000, 0x0000000703200000| Untracked 
|   4|0x0000000703400000, 0x0000000703600000, 0x0000000703600000|100%| O|  |TAMS 0x0000000703600000, 0x0000000703400000| Untracked 
|   5|0x0000000703600000, 0x0000000703800000, 0x0000000703800000|100%| O|  |TAMS 0x0000000703800000, 0x0000000703600000| Untracked 
|   6|0x0000000703800000, 0x0000000703a00000, 0x0000000703a00000|100%| O|  |TAMS 0x0000000703a00000, 0x0000000703800000| Untracked 
|   7|0x0000000703a00000, 0x0000000703c00000, 0x0000000703c00000|100%| O|  |TAMS 0x0000000703c00000, 0x0000000703a00000| Untracked 
|   8|0x0000000703c00000, 0x0000000703e00000, 0x0000000703e00000|100%| O|  |TAMS 0x0000000703e00000, 0x0000000703c00000| Untracked 
|   9|0x0000000703e00000, 0x0000000704000000, 0x0000000704000000|100%| O|  |TAMS 0x0000000704000000, 0x0000000703e00000| Untracked 
|  10|0x0000000704000000, 0x0000000704200000, 0x0000000704200000|100%| O|  |TAMS 0x0000000704200000, 0x0000000704000000| Untracked 
|  11|0x0000000704200000, 0x0000000704400000, 0x0000000704400000|100%| O|  |TAMS 0x0000000704400000, 0x0000000704200000| Untracked 
|  12|0x0000000704400000, 0x0000000704600000, 0x0000000704600000|100%| O|  |TAMS 0x0000000704600000, 0x0000000704400000| Untracked 
|  13|0x0000000704600000, 0x0000000704600000, 0x0000000704800000|  0%| F|  |TAMS 0x0000000704600000, 0x0000000704600000| Untracked 
|  14|0x0000000704800000, 0x0000000704a00000, 0x0000000704a00000|100%| O|  |TAMS 0x0000000704a00000, 0x0000000704800000| Untracked 
|  15|0x0000000704a00000, 0x0000000704c00000, 0x0000000704c00000|100%| O|  |TAMS 0x0000000704aad200, 0x0000000704a00000| Untracked 
|  16|0x0000000704c00000, 0x0000000704e00000, 0x0000000704e00000|100%| O|  |TAMS 0x0000000704c00000, 0x0000000704c00000| Untracked 
|  17|0x0000000704e00000, 0x0000000705000000, 0x0000000705000000|100%| O|  |TAMS 0x0000000704e00000, 0x0000000704e00000| Untracked 
|  18|0x0000000705000000, 0x0000000705200000, 0x0000000705200000|100%| O|  |TAMS 0x0000000705000000, 0x0000000705000000| Untracked 
|  19|0x0000000705200000, 0x0000000705400000, 0x0000000705400000|100%| O|  |TAMS 0x0000000705200000, 0x0000000705200000| Untracked 
|  20|0x0000000705400000, 0x0000000705600000, 0x0000000705600000|100%| O|  |TAMS 0x0000000705400000, 0x0000000705400000| Untracked 
|  21|0x0000000705600000, 0x0000000705800000, 0x0000000705800000|100%| O|  |TAMS 0x0000000705600000, 0x0000000705600000| Untracked 
|  22|0x0000000705800000, 0x0000000705a00000, 0x0000000705a00000|100%| O|  |TAMS 0x0000000705800000, 0x0000000705800000| Untracked 
|  23|0x0000000705a00000, 0x0000000705ae7400, 0x0000000705c00000| 45%| O|  |TAMS 0x0000000705a00000, 0x0000000705a00000| Untracked 
|  24|0x0000000705c00000, 0x0000000705c00000, 0x0000000705e00000|  0%| F|  |TAMS 0x0000000705c00000, 0x0000000705c00000| Untracked 
|  25|0x0000000705e00000, 0x0000000705e00000, 0x0000000706000000|  0%| F|  |TAMS 0x0000000705e00000, 0x0000000705e00000| Untracked 
|  26|0x0000000706000000, 0x0000000706000000, 0x0000000706200000|  0%| F|  |TAMS 0x0000000706000000, 0x0000000706000000| Untracked 
|  27|0x0000000706200000, 0x0000000706200000, 0x0000000706400000|  0%| F|  |TAMS 0x0000000706200000, 0x0000000706200000| Untracked 
|  28|0x0000000706400000, 0x0000000706400000, 0x0000000706600000|  0%| F|  |TAMS 0x0000000706400000, 0x0000000706400000| Untracked 
|  29|0x0000000706600000, 0x0000000706600000, 0x0000000706800000|  0%| F|  |TAMS 0x0000000706600000, 0x0000000706600000| Untracked 
|  30|0x0000000706800000, 0x0000000706800000, 0x0000000706a00000|  0%| F|  |TAMS 0x0000000706800000, 0x0000000706800000| Untracked 
|  31|0x0000000706a00000, 0x0000000706a00000, 0x0000000706c00000|  0%| F|  |TAMS 0x0000000706a00000, 0x0000000706a00000| Untracked 
|  32|0x0000000706c00000, 0x0000000706c00000, 0x0000000706e00000|  0%| F|  |TAMS 0x0000000706c00000, 0x0000000706c00000| Untracked 
|  33|0x0000000706e00000, 0x0000000706e00000, 0x0000000707000000|  0%| F|  |TAMS 0x0000000706e00000, 0x0000000706e00000| Untracked 
|  34|0x0000000707000000, 0x0000000707000000, 0x0000000707200000|  0%| F|  |TAMS 0x0000000707000000, 0x0000000707000000| Untracked 
|  35|0x0000000707200000, 0x0000000707200000, 0x0000000707400000|  0%| F|  |TAMS 0x0000000707200000, 0x0000000707200000| Untracked 
|  36|0x0000000707400000, 0x00000007074a4748, 0x0000000707600000| 32%| S|CS|TAMS 0x0000000707400000, 0x0000000707400000| Complete 
|  37|0x0000000707600000, 0x0000000707800000, 0x0000000707800000|100%| S|CS|TAMS 0x0000000707600000, 0x0000000707600000| Complete 
|  38|0x0000000707800000, 0x0000000707800000, 0x0000000707a00000|  0%| F|  |TAMS 0x0000000707800000, 0x0000000707800000| Untracked 
|  39|0x0000000707a00000, 0x0000000707a00000, 0x0000000707c00000|  0%| F|  |TAMS 0x0000000707a00000, 0x0000000707a00000| Untracked 
|  40|0x0000000707c00000, 0x0000000707c00000, 0x0000000707e00000|  0%| F|  |TAMS 0x0000000707c00000, 0x0000000707c00000| Untracked 
|  41|0x0000000707e00000, 0x0000000707e00000, 0x0000000708000000|  0%| F|  |TAMS 0x0000000707e00000, 0x0000000707e00000| Untracked 
|  42|0x0000000708000000, 0x0000000708000000, 0x0000000708200000|  0%| F|  |TAMS 0x0000000708000000, 0x0000000708000000| Untracked 
|  43|0x0000000708200000, 0x0000000708200000, 0x0000000708400000|  0%| F|  |TAMS 0x0000000708200000, 0x0000000708200000| Untracked 
|  44|0x0000000708400000, 0x0000000708400000, 0x0000000708600000|  0%| F|  |TAMS 0x0000000708400000, 0x0000000708400000| Untracked 
|  45|0x0000000708600000, 0x0000000708600000, 0x0000000708800000|  0%| F|  |TAMS 0x0000000708600000, 0x0000000708600000| Untracked 
|  46|0x0000000708800000, 0x0000000708800000, 0x0000000708a00000|  0%| F|  |TAMS 0x0000000708800000, 0x0000000708800000| Untracked 
|  47|0x0000000708a00000, 0x0000000708a00000, 0x0000000708c00000|  0%| F|  |TAMS 0x0000000708a00000, 0x0000000708a00000| Untracked 
|  48|0x0000000708c00000, 0x0000000708c00000, 0x0000000708e00000|  0%| F|  |TAMS 0x0000000708c00000, 0x0000000708c00000| Untracked 
|  49|0x0000000708e00000, 0x0000000708e00000, 0x0000000709000000|  0%| F|  |TAMS 0x0000000708e00000, 0x0000000708e00000| Untracked 
|  50|0x0000000709000000, 0x0000000709000000, 0x0000000709200000|  0%| F|  |TAMS 0x0000000709000000, 0x0000000709000000| Untracked 
|  51|0x0000000709200000, 0x0000000709200000, 0x0000000709400000|  0%| F|  |TAMS 0x0000000709200000, 0x0000000709200000| Untracked 
|  52|0x0000000709400000, 0x0000000709400000, 0x0000000709600000|  0%| F|  |TAMS 0x0000000709400000, 0x0000000709400000| Untracked 
|  53|0x0000000709600000, 0x0000000709600000, 0x0000000709800000|  0%| F|  |TAMS 0x0000000709600000, 0x0000000709600000| Untracked 
|  54|0x0000000709800000, 0x0000000709800000, 0x0000000709a00000|  0%| F|  |TAMS 0x0000000709800000, 0x0000000709800000| Untracked 
|  55|0x0000000709a00000, 0x0000000709a00000, 0x0000000709c00000|  0%| F|  |TAMS 0x0000000709a00000, 0x0000000709a00000| Untracked 
|  56|0x0000000709c00000, 0x0000000709c00000, 0x0000000709e00000|  0%| F|  |TAMS 0x0000000709c00000, 0x0000000709c00000| Untracked 
|  57|0x0000000709e00000, 0x0000000709e00000, 0x000000070a000000|  0%| F|  |TAMS 0x0000000709e00000, 0x0000000709e00000| Untracked 
|  58|0x000000070a000000, 0x000000070a000000, 0x000000070a200000|  0%| F|  |TAMS 0x000000070a000000, 0x000000070a000000| Untracked 
|  59|0x000000070a200000, 0x000000070a200000, 0x000000070a400000|  0%| F|  |TAMS 0x000000070a200000, 0x000000070a200000| Untracked 
|  60|0x000000070a400000, 0x000000070a400000, 0x000000070a600000|  0%| F|  |TAMS 0x000000070a400000, 0x000000070a400000| Untracked 
|  61|0x000000070a600000, 0x000000070a600000, 0x000000070a800000|  0%| F|  |TAMS 0x000000070a600000, 0x000000070a600000| Untracked 
|  62|0x000000070a800000, 0x000000070a800000, 0x000000070aa00000|  0%| F|  |TAMS 0x000000070a800000, 0x000000070a800000| Untracked 
|  63|0x000000070aa00000, 0x000000070aa00000, 0x000000070ac00000|  0%| F|  |TAMS 0x000000070aa00000, 0x000000070aa00000| Untracked 
|  64|0x000000070ac00000, 0x000000070ac00000, 0x000000070ae00000|  0%| F|  |TAMS 0x000000070ac00000, 0x000000070ac00000| Untracked 
|  65|0x000000070ae00000, 0x000000070ae00000, 0x000000070b000000|  0%| F|  |TAMS 0x000000070ae00000, 0x000000070ae00000| Untracked 
|  66|0x000000070b000000, 0x000000070b000000, 0x000000070b200000|  0%| F|  |TAMS 0x000000070b000000, 0x000000070b000000| Untracked 
|  67|0x000000070b200000, 0x000000070b200000, 0x000000070b400000|  0%| F|  |TAMS 0x000000070b200000, 0x000000070b200000| Untracked 
|  68|0x000000070b400000, 0x000000070b400000, 0x000000070b600000|  0%| F|  |TAMS 0x000000070b400000, 0x000000070b400000| Untracked 
|  69|0x000000070b600000, 0x000000070b600000, 0x000000070b800000|  0%| F|  |TAMS 0x000000070b600000, 0x000000070b600000| Untracked 
|  70|0x000000070b800000, 0x000000070b800000, 0x000000070ba00000|  0%| F|  |TAMS 0x000000070b800000, 0x000000070b800000| Untracked 
|  71|0x000000070ba00000, 0x000000070ba00000, 0x000000070bc00000|  0%| F|  |TAMS 0x000000070ba00000, 0x000000070ba00000| Untracked 
|  72|0x000000070bc00000, 0x000000070bc00000, 0x000000070be00000|  0%| F|  |TAMS 0x000000070bc00000, 0x000000070bc00000| Untracked 
|  73|0x000000070be00000, 0x000000070be00000, 0x000000070c000000|  0%| F|  |TAMS 0x000000070be00000, 0x000000070be00000| Untracked 
|  74|0x000000070c000000, 0x000000070c000000, 0x000000070c200000|  0%| F|  |TAMS 0x000000070c000000, 0x000000070c000000| Untracked 
|  75|0x000000070c200000, 0x000000070c200000, 0x000000070c400000|  0%| F|  |TAMS 0x000000070c200000, 0x000000070c200000| Untracked 
|  76|0x000000070c400000, 0x000000070c400000, 0x000000070c600000|  0%| F|  |TAMS 0x000000070c400000, 0x000000070c400000| Untracked 
|  77|0x000000070c600000, 0x000000070c600000, 0x000000070c800000|  0%| F|  |TAMS 0x000000070c600000, 0x000000070c600000| Untracked 
|  78|0x000000070c800000, 0x000000070c800000, 0x000000070ca00000|  0%| F|  |TAMS 0x000000070c800000, 0x000000070c800000| Untracked 
|  79|0x000000070ca00000, 0x000000070ca00000, 0x000000070cc00000|  0%| F|  |TAMS 0x000000070ca00000, 0x000000070ca00000| Untracked 
|  80|0x000000070cc00000, 0x000000070cc00000, 0x000000070ce00000|  0%| F|  |TAMS 0x000000070cc00000, 0x000000070cc00000| Untracked 
|  81|0x000000070ce00000, 0x000000070ce00000, 0x000000070d000000|  0%| F|  |TAMS 0x000000070ce00000, 0x000000070ce00000| Untracked 
|  82|0x000000070d000000, 0x000000070d000000, 0x000000070d200000|  0%| F|  |TAMS 0x000000070d000000, 0x000000070d000000| Untracked 
|  83|0x000000070d200000, 0x000000070d200000, 0x000000070d400000|  0%| F|  |TAMS 0x000000070d200000, 0x000000070d200000| Untracked 
|  84|0x000000070d400000, 0x000000070d400000, 0x000000070d600000|  0%| F|  |TAMS 0x000000070d400000, 0x000000070d400000| Untracked 
|  85|0x000000070d600000, 0x000000070d600000, 0x000000070d800000|  0%| F|  |TAMS 0x000000070d600000, 0x000000070d600000| Untracked 
|  86|0x000000070d800000, 0x000000070d800000, 0x000000070da00000|  0%| F|  |TAMS 0x000000070d800000, 0x000000070d800000| Untracked 
|  87|0x000000070da00000, 0x000000070da00000, 0x000000070dc00000|  0%| F|  |TAMS 0x000000070da00000, 0x000000070da00000| Untracked 
|  88|0x000000070dc00000, 0x000000070dc00000, 0x000000070de00000|  0%| F|  |TAMS 0x000000070dc00000, 0x000000070dc00000| Untracked 
|  89|0x000000070de00000, 0x000000070de00000, 0x000000070e000000|  0%| F|  |TAMS 0x000000070de00000, 0x000000070de00000| Untracked 
|  90|0x000000070e000000, 0x000000070e000000, 0x000000070e200000|  0%| F|  |TAMS 0x000000070e000000, 0x000000070e000000| Untracked 
|  91|0x000000070e200000, 0x000000070e200000, 0x000000070e400000|  0%| F|  |TAMS 0x000000070e200000, 0x000000070e200000| Untracked 
|  92|0x000000070e400000, 0x000000070e400000, 0x000000070e600000|  0%| F|  |TAMS 0x000000070e400000, 0x000000070e400000| Untracked 
|  93|0x000000070e600000, 0x000000070e600000, 0x000000070e800000|  0%| F|  |TAMS 0x000000070e600000, 0x000000070e600000| Untracked 
|  94|0x000000070e800000, 0x000000070e800000, 0x000000070ea00000|  0%| F|  |TAMS 0x000000070e800000, 0x000000070e800000| Untracked 
|  95|0x000000070ea00000, 0x000000070ea00000, 0x000000070ec00000|  0%| F|  |TAMS 0x000000070ea00000, 0x000000070ea00000| Untracked 
|  96|0x000000070ec00000, 0x000000070ec00000, 0x000000070ee00000|  0%| F|  |TAMS 0x000000070ec00000, 0x000000070ec00000| Untracked 
|  97|0x000000070ee00000, 0x000000070ee00000, 0x000000070f000000|  0%| F|  |TAMS 0x000000070ee00000, 0x000000070ee00000| Untracked 
|  98|0x000000070f000000, 0x000000070f000000, 0x000000070f200000|  0%| F|  |TAMS 0x000000070f000000, 0x000000070f000000| Untracked 
|  99|0x000000070f200000, 0x000000070f200000, 0x000000070f400000|  0%| F|  |TAMS 0x000000070f200000, 0x000000070f200000| Untracked 
| 100|0x000000070f400000, 0x000000070f400000, 0x000000070f600000|  0%| F|  |TAMS 0x000000070f400000, 0x000000070f400000| Untracked 
| 101|0x000000070f600000, 0x000000070f600000, 0x000000070f800000|  0%| F|  |TAMS 0x000000070f600000, 0x000000070f600000| Untracked 
| 102|0x000000070f800000, 0x000000070f800000, 0x000000070fa00000|  0%| F|  |TAMS 0x000000070f800000, 0x000000070f800000| Untracked 
| 103|0x000000070fa00000, 0x000000070fa00000, 0x000000070fc00000|  0%| F|  |TAMS 0x000000070fa00000, 0x000000070fa00000| Untracked 
| 104|0x000000070fc00000, 0x000000070fc00000, 0x000000070fe00000|  0%| F|  |TAMS 0x000000070fc00000, 0x000000070fc00000| Untracked 
| 105|0x000000070fe00000, 0x000000070fe00000, 0x0000000710000000|  0%| F|  |TAMS 0x000000070fe00000, 0x000000070fe00000| Untracked 
| 106|0x0000000710000000, 0x0000000710000000, 0x0000000710200000|  0%| F|  |TAMS 0x0000000710000000, 0x0000000710000000| Untracked 
| 107|0x0000000710200000, 0x0000000710200000, 0x0000000710400000|  0%| F|  |TAMS 0x0000000710200000, 0x0000000710200000| Untracked 
| 108|0x0000000710400000, 0x0000000710400000, 0x0000000710600000|  0%| F|  |TAMS 0x0000000710400000, 0x0000000710400000| Untracked 
| 109|0x0000000710600000, 0x0000000710600000, 0x0000000710800000|  0%| F|  |TAMS 0x0000000710600000, 0x0000000710600000| Untracked 
| 110|0x0000000710800000, 0x0000000710800000, 0x0000000710a00000|  0%| F|  |TAMS 0x0000000710800000, 0x0000000710800000| Untracked 
| 111|0x0000000710a00000, 0x0000000710a00000, 0x0000000710c00000|  0%| F|  |TAMS 0x0000000710a00000, 0x0000000710a00000| Untracked 
| 112|0x0000000710c00000, 0x0000000710c00000, 0x0000000710e00000|  0%| F|  |TAMS 0x0000000710c00000, 0x0000000710c00000| Untracked 
| 113|0x0000000710e00000, 0x0000000710e00000, 0x0000000711000000|  0%| F|  |TAMS 0x0000000710e00000, 0x0000000710e00000| Untracked 
| 114|0x0000000711000000, 0x0000000711000000, 0x0000000711200000|  0%| F|  |TAMS 0x0000000711000000, 0x0000000711000000| Untracked 
| 115|0x0000000711200000, 0x0000000711200000, 0x0000000711400000|  0%| F|  |TAMS 0x0000000711200000, 0x0000000711200000| Untracked 
| 116|0x0000000711400000, 0x0000000711400000, 0x0000000711600000|  0%| F|  |TAMS 0x0000000711400000, 0x0000000711400000| Untracked 
| 117|0x0000000711600000, 0x0000000711600000, 0x0000000711800000|  0%| F|  |TAMS 0x0000000711600000, 0x0000000711600000| Untracked 
| 118|0x0000000711800000, 0x0000000711800000, 0x0000000711a00000|  0%| F|  |TAMS 0x0000000711800000, 0x0000000711800000| Untracked 
| 119|0x0000000711a00000, 0x0000000711a00000, 0x0000000711c00000|  0%| F|  |TAMS 0x0000000711a00000, 0x0000000711a00000| Untracked 
| 120|0x0000000711c00000, 0x0000000711c00000, 0x0000000711e00000|  0%| F|  |TAMS 0x0000000711c00000, 0x0000000711c00000| Untracked 
| 121|0x0000000711e00000, 0x0000000711e00000, 0x0000000712000000|  0%| F|  |TAMS 0x0000000711e00000, 0x0000000711e00000| Untracked 
| 122|0x0000000712000000, 0x0000000712000000, 0x0000000712200000|  0%| F|  |TAMS 0x0000000712000000, 0x0000000712000000| Untracked 
| 123|0x0000000712200000, 0x0000000712200000, 0x0000000712400000|  0%| F|  |TAMS 0x0000000712200000, 0x0000000712200000| Untracked 
| 124|0x0000000712400000, 0x0000000712400000, 0x0000000712600000|  0%| F|  |TAMS 0x0000000712400000, 0x0000000712400000| Untracked 
| 125|0x0000000712600000, 0x0000000712600000, 0x0000000712800000|  0%| F|  |TAMS 0x0000000712600000, 0x0000000712600000| Untracked 
| 126|0x0000000712800000, 0x0000000712800000, 0x0000000712a00000|  0%| F|  |TAMS 0x0000000712800000, 0x0000000712800000| Untracked 
| 127|0x0000000712a00000, 0x0000000712a00000, 0x0000000712c00000|  0%| F|  |TAMS 0x0000000712a00000, 0x0000000712a00000| Untracked 
| 128|0x0000000712c00000, 0x0000000712c00000, 0x0000000712e00000|  0%| F|  |TAMS 0x0000000712c00000, 0x0000000712c00000| Untracked 
| 129|0x0000000712e00000, 0x0000000712e00000, 0x0000000713000000|  0%| F|  |TAMS 0x0000000712e00000, 0x0000000712e00000| Untracked 
| 130|0x0000000713000000, 0x0000000713000000, 0x0000000713200000|  0%| F|  |TAMS 0x0000000713000000, 0x0000000713000000| Untracked 
| 131|0x0000000713200000, 0x0000000713200000, 0x0000000713400000|  0%| F|  |TAMS 0x0000000713200000, 0x0000000713200000| Untracked 
| 132|0x0000000713400000, 0x0000000713400000, 0x0000000713600000|  0%| F|  |TAMS 0x0000000713400000, 0x0000000713400000| Untracked 
| 133|0x0000000713600000, 0x0000000713600000, 0x0000000713800000|  0%| F|  |TAMS 0x0000000713600000, 0x0000000713600000| Untracked 
| 134|0x0000000713800000, 0x0000000713800000, 0x0000000713a00000|  0%| F|  |TAMS 0x0000000713800000, 0x0000000713800000| Untracked 
| 135|0x0000000713a00000, 0x0000000713a00000, 0x0000000713c00000|  0%| F|  |TAMS 0x0000000713a00000, 0x0000000713a00000| Untracked 
| 136|0x0000000713c00000, 0x0000000713c00000, 0x0000000713e00000|  0%| F|  |TAMS 0x0000000713c00000, 0x0000000713c00000| Untracked 
| 137|0x0000000713e00000, 0x0000000713e00000, 0x0000000714000000|  0%| F|  |TAMS 0x0000000713e00000, 0x0000000713e00000| Untracked 
| 138|0x0000000714000000, 0x0000000714000000, 0x0000000714200000|  0%| F|  |TAMS 0x0000000714000000, 0x0000000714000000| Untracked 
| 139|0x0000000714200000, 0x0000000714200000, 0x0000000714400000|  0%| F|  |TAMS 0x0000000714200000, 0x0000000714200000| Untracked 
| 140|0x0000000714400000, 0x0000000714400000, 0x0000000714600000|  0%| F|  |TAMS 0x0000000714400000, 0x0000000714400000| Untracked 
| 141|0x0000000714600000, 0x0000000714600000, 0x0000000714800000|  0%| F|  |TAMS 0x0000000714600000, 0x0000000714600000| Untracked 
| 142|0x0000000714800000, 0x0000000714800000, 0x0000000714a00000|  0%| F|  |TAMS 0x0000000714800000, 0x0000000714800000| Untracked 
| 143|0x0000000714a00000, 0x0000000714a00000, 0x0000000714c00000|  0%| F|  |TAMS 0x0000000714a00000, 0x0000000714a00000| Untracked 
| 144|0x0000000714c00000, 0x0000000714c00000, 0x0000000714e00000|  0%| F|  |TAMS 0x0000000714c00000, 0x0000000714c00000| Untracked 
| 145|0x0000000714e00000, 0x0000000714e00000, 0x0000000715000000|  0%| F|  |TAMS 0x0000000714e00000, 0x0000000714e00000| Untracked 
| 146|0x0000000715000000, 0x0000000715000000, 0x0000000715200000|  0%| F|  |TAMS 0x0000000715000000, 0x0000000715000000| Untracked 
| 147|0x0000000715200000, 0x0000000715200000, 0x0000000715400000|  0%| F|  |TAMS 0x0000000715200000, 0x0000000715200000| Untracked 
| 148|0x0000000715400000, 0x0000000715400000, 0x0000000715600000|  0%| F|  |TAMS 0x0000000715400000, 0x0000000715400000| Untracked 
| 149|0x0000000715600000, 0x00000007157fe520, 0x0000000715800000| 99%| E|  |TAMS 0x0000000715600000, 0x0000000715600000| Complete 
| 150|0x0000000715800000, 0x0000000715a00000, 0x0000000715a00000|100%| E|CS|TAMS 0x0000000715800000, 0x0000000715800000| Complete 
| 151|0x0000000715a00000, 0x0000000715c00000, 0x0000000715c00000|100%| E|CS|TAMS 0x0000000715a00000, 0x0000000715a00000| Complete 
| 152|0x0000000715c00000, 0x0000000715e00000, 0x0000000715e00000|100%| E|CS|TAMS 0x0000000715c00000, 0x0000000715c00000| Complete 
| 153|0x0000000715e00000, 0x0000000716000000, 0x0000000716000000|100%| E|CS|TAMS 0x0000000715e00000, 0x0000000715e00000| Complete 
| 154|0x0000000716000000, 0x0000000716200000, 0x0000000716200000|100%| E|CS|TAMS 0x0000000716000000, 0x0000000716000000| Complete 
| 155|0x0000000716200000, 0x0000000716400000, 0x0000000716400000|100%| E|CS|TAMS 0x0000000716200000, 0x0000000716200000| Complete 
| 156|0x0000000716400000, 0x0000000716600000, 0x0000000716600000|100%| E|CS|TAMS 0x0000000716400000, 0x0000000716400000| Complete 
| 157|0x0000000716600000, 0x0000000716800000, 0x0000000716800000|100%| E|CS|TAMS 0x0000000716600000, 0x0000000716600000| Complete 
| 158|0x0000000716800000, 0x0000000716a00000, 0x0000000716a00000|100%| E|CS|TAMS 0x0000000716800000, 0x0000000716800000| Complete 
| 159|0x0000000716a00000, 0x0000000716c00000, 0x0000000716c00000|100%| E|CS|TAMS 0x0000000716a00000, 0x0000000716a00000| Complete 
| 160|0x0000000716c00000, 0x0000000716e00000, 0x0000000716e00000|100%| E|CS|TAMS 0x0000000716c00000, 0x0000000716c00000| Complete 
| 161|0x0000000716e00000, 0x0000000717000000, 0x0000000717000000|100%| E|CS|TAMS 0x0000000716e00000, 0x0000000716e00000| Complete 
| 162|0x0000000717000000, 0x0000000717200000, 0x0000000717200000|100%| E|CS|TAMS 0x0000000717000000, 0x0000000717000000| Complete 
| 163|0x0000000717200000, 0x0000000717400000, 0x0000000717400000|100%| E|CS|TAMS 0x0000000717200000, 0x0000000717200000| Complete 
| 164|0x0000000717400000, 0x0000000717600000, 0x0000000717600000|100%| E|CS|TAMS 0x0000000717400000, 0x0000000717400000| Complete 
| 165|0x0000000717600000, 0x0000000717800000, 0x0000000717800000|100%| E|CS|TAMS 0x0000000717600000, 0x0000000717600000| Complete 
| 166|0x0000000717800000, 0x0000000717a00000, 0x0000000717a00000|100%| E|CS|TAMS 0x0000000717800000, 0x0000000717800000| Complete 
| 167|0x0000000717a00000, 0x0000000717c00000, 0x0000000717c00000|100%| E|CS|TAMS 0x0000000717a00000, 0x0000000717a00000| Complete 
| 168|0x0000000717c00000, 0x0000000717e00000, 0x0000000717e00000|100%| E|CS|TAMS 0x0000000717c00000, 0x0000000717c00000| Complete 
| 169|0x0000000717e00000, 0x0000000718000000, 0x0000000718000000|100%| E|CS|TAMS 0x0000000717e00000, 0x0000000717e00000| Complete 
| 170|0x0000000718000000, 0x0000000718200000, 0x0000000718200000|100%| E|CS|TAMS 0x0000000718000000, 0x0000000718000000| Complete 
| 171|0x0000000718200000, 0x0000000718400000, 0x0000000718400000|100%| E|CS|TAMS 0x0000000718200000, 0x0000000718200000| Complete 
| 172|0x0000000718400000, 0x0000000718600000, 0x0000000718600000|100%| E|CS|TAMS 0x0000000718400000, 0x0000000718400000| Complete 
| 173|0x0000000718600000, 0x0000000718800000, 0x0000000718800000|100%| E|CS|TAMS 0x0000000718600000, 0x0000000718600000| Complete 
| 174|0x0000000718800000, 0x0000000718a00000, 0x0000000718a00000|100%| E|CS|TAMS 0x0000000718800000, 0x0000000718800000| Complete 
| 175|0x0000000718a00000, 0x0000000718c00000, 0x0000000718c00000|100%| E|CS|TAMS 0x0000000718a00000, 0x0000000718a00000| Complete 
| 176|0x0000000718c00000, 0x0000000718e00000, 0x0000000718e00000|100%| E|CS|TAMS 0x0000000718c00000, 0x0000000718c00000| Complete 
| 177|0x0000000718e00000, 0x0000000719000000, 0x0000000719000000|100%| E|CS|TAMS 0x0000000718e00000, 0x0000000718e00000| Complete 
| 178|0x0000000719000000, 0x0000000719200000, 0x0000000719200000|100%| E|CS|TAMS 0x0000000719000000, 0x0000000719000000| Complete 
| 179|0x0000000719200000, 0x0000000719400000, 0x0000000719400000|100%| E|CS|TAMS 0x0000000719200000, 0x0000000719200000| Complete 
| 180|0x0000000719400000, 0x0000000719600000, 0x0000000719600000|100%| E|CS|TAMS 0x0000000719400000, 0x0000000719400000| Complete 

Card table byte_map: [0x00000293361c0000,0x00000293369b0000] _byte_map_base: 0x00000293329aa000

Marking Bits (Prev, Next): (CMBitMap*) 0x000002932a9e3a10, (CMBitMap*) 0x000002932a9e39d0
 Prev Bits: [0x000002933b0f0000, 0x000002933f040000)
 Next Bits: [0x00000293371a0000, 0x000002933b0f0000)

Polling page: 0x00000293287a0000

Metaspace:

Usage:
  Non-class:     59.91 MB used.
      Class:      9.41 MB used.
       Both:     69.31 MB used.

Virtual space:
  Non-class space:       64.00 MB reserved,      60.25 MB ( 94%) committed,  1 nodes.
      Class space:        1.00 GB reserved,       9.75 MB ( <1%) committed,  1 nodes.
             Both:        1.06 GB reserved,      70.00 MB (  6%) committed. 

Chunk freelists:
   Non-Class:  3.41 MB
       Class:  2.30 MB
        Both:  5.70 MB

MaxMetaspaceSize: unlimited
CompressedClassSpaceSize: 1.00 GB
Initial GC threshold: 21.00 MB
Current GC threshold: 98.69 MB
CDS: on
MetaspaceReclaimPolicy: balanced
 - commit_granule_bytes: 65536.
 - commit_granule_words: 8192.
 - virtual_space_node_default_size: 8388608.
 - enlarge_chunks_in_place: 1.
 - new_chunks_are_fully_committed: 0.
 - uncommit_free_chunks: 1.
 - use_allocation_guard: 0.


Internal statistics:

num_allocs_failed_limit: 9.
num_arena_births: 968.
num_arena_deaths: 0.
num_vsnodes_births: 2.
num_vsnodes_deaths: 0.
num_space_committed: 1120.
num_space_uncommitted: 0.
num_chunks_returned_to_freelist: 9.
num_chunks_taken_from_freelist: 3561.
num_chunk_merges: 9.
num_chunk_splits: 2559.
num_chunks_enlarged: 2037.
num_inconsistent_stats: 0.

CodeCache: size=49152Kb used=21362Kb max_used=22383Kb free=27789Kb
 bounds [0x00000293328c0000, 0x0000029333ec0000, 0x00000293358c0000]
 total_blobs=12310 nmethods=11638 adapters=595
 compilation: enabled
              stopped_count=0, restarted_count=0
 full_count=0

Compilation events (20 events):
Event: 984.366 Thread 0x0000029341675290 11795       1       org.apache.catalina.valves.ValveBase::isAsyncSupported (5 bytes)
Event: 984.366 Thread 0x0000029341675290 nmethod 11795 0x0000029333e3bc90 code [0x0000029333e3be20, 0x0000029333e3bef8]
Event: 984.366 Thread 0x0000029341675290 11796       1       org.springframework.web.filter.OncePerRequestFilter::shouldNotFilter (2 bytes)
Event: 984.366 Thread 0x0000029341675290 nmethod 11796 0x0000029333e3b990 code [0x0000029333e3bb20, 0x0000029333e3bbf8]
Event: 984.366 Thread 0x0000029341675290 11797       1       com.fasterxml.jackson.core.JsonStreamContext::inObject (14 bytes)
Event: 984.366 Thread 0x0000029341675290 nmethod 11797 0x0000029333e3b690 code [0x0000029333e3b820, 0x0000029333e3b8f8]
Event: 984.366 Thread 0x0000029341675290 11798       1       com.fasterxml.jackson.databind.deser.DeserializerCache::_findCachedDeserializer (36 bytes)
Event: 984.367 Thread 0x0000029341675290 nmethod 11798 0x0000029333e3b090 code [0x0000029333e3b260, 0x0000029333e3b4c8]
Event: 984.367 Thread 0x0000029341675290 11799       1       com.fasterxml.jackson.core.JsonToken::id (5 bytes)
Event: 984.367 Thread 0x0000029341675290 nmethod 11799 0x0000029333e3ad90 code [0x0000029333e3af20, 0x0000029333e3afd8]
Event: 984.369 Thread 0x0000029341675290 11800       1       java.sql.Timestamp::<init> (61 bytes)
Event: 984.370 Thread 0x0000029341675290 nmethod 11800 0x0000029333e3a910 code [0x0000029333e3aaa0, 0x0000029333e3ac78]
Event: 984.370 Thread 0x0000029341675290 11802       1       java.sql.Timestamp::setNanos (26 bytes)
Event: 984.370 Thread 0x0000029341675290 nmethod 11802 0x0000029333e3a510 code [0x0000029333e3a6c0, 0x0000029333e3a848]
Event: 984.370 Thread 0x0000029341675290 11801       1       java.sql.Timestamp::getNanos (5 bytes)
Event: 984.370 Thread 0x0000029341675290 nmethod 11801 0x0000029333e3a210 code [0x0000029333e3a3a0, 0x0000029333e3a458]
Event: 984.372 Thread 0x0000029341675290 11803       1       org.apache.catalina.core.ApplicationFilterConfig::getFilterDef (5 bytes)
Event: 984.372 Thread 0x0000029341675290 nmethod 11803 0x0000029333e39f10 code [0x0000029333e3a0a0, 0x0000029333e3a178]
Event: 984.372 Thread 0x0000029341675290 11804       1       org.apache.tomcat.util.descriptor.web.FilterDef::getAsyncSupported (5 bytes)
Event: 984.372 Thread 0x0000029341675290 nmethod 11804 0x0000029333e39c10 code [0x0000029333e39da0, 0x0000029333e39e78]

GC Heap History (20 events):
Event: 5.292 GC heap before
{Heap before GC invocations=11 (full 0):
 garbage-first heap   total 90112K, used 28662K [0x0000000702c00000, 0x0000000800000000)
  region size 2048K, 3 young (6144K), 2 survivors (4096K)
 Metaspace       used 45661K, committed 46144K, reserved 1114112K
  class space    used 6088K, committed 6336K, reserved 1048576K
}
Event: 5.298 GC heap after
{Heap after GC invocations=12 (full 0):
 garbage-first heap   total 90112K, used 27026K [0x0000000702c00000, 0x0000000800000000)
  region size 2048K, 1 young (2048K), 1 survivors (2048K)
 Metaspace       used 45661K, committed 46144K, reserved 1114112K
  class space    used 6088K, committed 6336K, reserved 1048576K
}
Event: 5.822 GC heap before
{Heap before GC invocations=12 (full 0):
 garbage-first heap   total 90112K, used 65938K [0x0000000702c00000, 0x0000000800000000)
  region size 2048K, 21 young (43008K), 1 survivors (2048K)
 Metaspace       used 49418K, committed 49920K, reserved 1114112K
  class space    used 6721K, committed 6976K, reserved 1048576K
}
Event: 5.826 GC heap after
{Heap after GC invocations=13 (full 0):
 garbage-first heap   total 151552K, used 27917K [0x0000000702c00000, 0x0000000800000000)
  region size 2048K, 1 young (2048K), 1 survivors (2048K)
 Metaspace       used 49418K, committed 49920K, reserved 1114112K
  class space    used 6721K, committed 6976K, reserved 1048576K
}
Event: 7.144 GC heap before
{Heap before GC invocations=13 (full 0):
 garbage-first heap   total 151552K, used 115981K [0x0000000702c00000, 0x0000000800000000)
  region size 2048K, 44 young (90112K), 1 survivors (2048K)
 Metaspace       used 56660K, committed 57088K, reserved 1114112K
  class space    used 7654K, committed 7872K, reserved 1048576K
}
Event: 7.152 GC heap after
{Heap after GC invocations=14 (full 0):
 garbage-first heap   total 151552K, used 31538K [0x0000000702c00000, 0x0000000800000000)
  region size 2048K, 3 young (6144K), 3 survivors (6144K)
 Metaspace       used 56660K, committed 57088K, reserved 1114112K
  class space    used 7654K, committed 7872K, reserved 1048576K
}
Event: 7.812 GC heap before
{Heap before GC invocations=14 (full 0):
 garbage-first heap   total 151552K, used 115506K [0x0000000702c00000, 0x0000000800000000)
  region size 2048K, 44 young (90112K), 3 survivors (6144K)
 Metaspace       used 58258K, committed 58816K, reserved 1114112K
  class space    used 7856K, committed 8128K, reserved 1048576K
}
Event: 7.819 GC heap after
{Heap after GC invocations=15 (full 0):
 garbage-first heap   total 151552K, used 34390K [0x0000000702c00000, 0x0000000800000000)
  region size 2048K, 4 young (8192K), 4 survivors (8192K)
 Metaspace       used 58258K, committed 58816K, reserved 1114112K
  class space    used 7856K, committed 8128K, reserved 1048576K
}
Event: 8.317 GC heap before
{Heap before GC invocations=15 (full 0):
 garbage-first heap   total 151552K, used 116310K [0x0000000702c00000, 0x0000000800000000)
  region size 2048K, 44 young (90112K), 4 survivors (8192K)
 Metaspace       used 58671K, committed 59136K, reserved 1114112K
  class space    used 7892K, committed 8128K, reserved 1048576K
}
Event: 8.326 GC heap after
{Heap after GC invocations=16 (full 0):
 garbage-first heap   total 151552K, used 38243K [0x0000000702c00000, 0x0000000800000000)
  region size 2048K, 4 young (8192K), 4 survivors (8192K)
 Metaspace       used 58671K, committed 59136K, reserved 1114112K
  class space    used 7892K, committed 8128K, reserved 1048576K
}
Event: 8.905 GC heap before
{Heap before GC invocations=16 (full 0):
 garbage-first heap   total 151552K, used 118115K [0x0000000702c00000, 0x0000000800000000)
  region size 2048K, 43 young (88064K), 4 survivors (8192K)
 Metaspace       used 59483K, committed 60032K, reserved 1114112K
  class space    used 7954K, committed 8256K, reserved 1048576K
}
Event: 8.912 GC heap after
{Heap after GC invocations=17 (full 0):
 garbage-first heap   total 151552K, used 41614K [0x0000000702c00000, 0x0000000800000000)
  region size 2048K, 5 young (10240K), 5 survivors (10240K)
 Metaspace       used 59483K, committed 60032K, reserved 1114112K
  class space    used 7954K, committed 8256K, reserved 1048576K
}
Event: 8.976 GC heap before
{Heap before GC invocations=17 (full 0):
 garbage-first heap   total 151552K, used 45710K [0x0000000702c00000, 0x0000000800000000)
  region size 2048K, 8 young (16384K), 5 survivors (10240K)
 Metaspace       used 59804K, committed 60288K, reserved 1114112K
  class space    used 7995K, committed 8256K, reserved 1048576K
}
Event: 8.984 GC heap after
{Heap after GC invocations=18 (full 0):
 garbage-first heap   total 151552K, used 41705K [0x0000000702c00000, 0x0000000800000000)
  region size 2048K, 3 young (6144K), 3 survivors (6144K)
 Metaspace       used 59804K, committed 60288K, reserved 1114112K
  class space    used 7995K, committed 8256K, reserved 1048576K
}
Event: 10.147 GC heap before
{Heap before GC invocations=19 (full 0):
 garbage-first heap   total 151552K, used 117481K [0x0000000702c00000, 0x0000000800000000)
  region size 2048K, 40 young (81920K), 3 survivors (6144K)
 Metaspace       used 65189K, committed 65792K, reserved 1114112K
  class space    used 8785K, committed 9088K, reserved 1048576K
}
Event: 10.156 GC heap after
{Heap after GC invocations=20 (full 0):
 garbage-first heap   total 151552K, used 47062K [0x0000000702c00000, 0x0000000800000000)
  region size 2048K, 5 young (10240K), 5 survivors (10240K)
 Metaspace       used 65189K, committed 65792K, reserved 1114112K
  class space    used 8785K, committed 9088K, reserved 1048576K
}
Event: 10.160 GC heap before
{Heap before GC invocations=20 (full 0):
 garbage-first heap   total 151552K, used 49110K [0x0000000702c00000, 0x0000000800000000)
  region size 2048K, 6 young (12288K), 5 survivors (10240K)
 Metaspace       used 65189K, committed 65792K, reserved 1114112K
  class space    used 8785K, committed 9088K, reserved 1048576K
}
Event: 10.169 GC heap after
{Heap after GC invocations=21 (full 0):
 garbage-first heap   total 151552K, used 46385K [0x0000000702c00000, 0x0000000800000000)
  region size 2048K, 1 young (2048K), 1 survivors (2048K)
 Metaspace       used 65189K, committed 65792K, reserved 1114112K
  class space    used 8785K, committed 9088K, reserved 1048576K
}
Event: 10.928 GC heap before
{Heap before GC invocations=21 (full 0):
 garbage-first heap   total 151552K, used 118065K [0x0000000702c00000, 0x0000000800000000)
  region size 2048K, 36 young (73728K), 1 survivors (2048K)
 Metaspace       used 66759K, committed 67456K, reserved 1114112K
  class space    used 9100K, committed 9472K, reserved 1048576K
}
Event: 10.932 GC heap after
{Heap after GC invocations=22 (full 0):
 garbage-first heap   total 370688K, used 48686K [0x0000000702c00000, 0x0000000800000000)
  region size 2048K, 2 young (4096K), 2 survivors (4096K)
 Metaspace       used 66759K, committed 67456K, reserved 1114112K
  class space    used 9100K, committed 9472K, reserved 1048576K
}

Dll operation events (13 events):
Event: 0.007 Loaded shared library C:\Users\Javohir\.jdks\openjdk-19.0.2\bin\java.dll
Event: 0.009 Loaded shared library C:\Users\Javohir\.jdks\openjdk-19.0.2\bin\zip.dll
Event: 0.017 Loaded shared library C:\Users\Javohir\.jdks\openjdk-19.0.2\bin\jsvml.dll
Event: 0.151 Loaded shared library C:\Users\Javohir\.jdks\openjdk-19.0.2\bin\instrument.dll
Event: 0.184 Loaded shared library C:\Users\Javohir\.jdks\openjdk-19.0.2\bin\jimage.dll
Event: 0.197 Loaded shared library C:\Users\Javohir\.jdks\openjdk-19.0.2\bin\net.dll
Event: 0.198 Loaded shared library C:\Users\Javohir\.jdks\openjdk-19.0.2\bin\nio.dll
Event: 0.206 Loaded shared library C:\Users\Javohir\.jdks\openjdk-19.0.2\bin\zip.dll
Event: 0.300 Loaded shared library C:\Users\Javohir\.jdks\openjdk-19.0.2\bin\management.dll
Event: 0.314 Loaded shared library C:\Users\Javohir\.jdks\openjdk-19.0.2\bin\management_ext.dll
Event: 0.934 Loaded shared library C:\Users\Javohir\.jdks\openjdk-19.0.2\bin\extnet.dll
Event: 0.979 Loaded shared library C:\Users\Javohir\.jdks\openjdk-19.0.2\bin\verify.dll
Event: 4.238 Loaded shared library C:\Users\Javohir\.jdks\openjdk-19.0.2\bin\sunmscapi.dll

Deoptimization events (20 events):
Event: 826.614 Thread 0x00000293470cabf0 DEOPT PACKING pc=0x000002933336354c sp=0x000000f96d3fc460
Event: 826.614 Thread 0x00000293470cabf0 DEOPT UNPACKING pc=0x0000029332927543 sp=0x000000f96d3fba28 mode 1
Event: 849.705 Thread 0x00000293470cdbc0 DEOPT PACKING pc=0x000002933336354c sp=0x000000f96d5fc720
Event: 849.705 Thread 0x00000293470cdbc0 DEOPT UNPACKING pc=0x0000029332927543 sp=0x000000f96d5fbce8 mode 1
Event: 876.393 Thread 0x00000293470c86c0 DEOPT PACKING pc=0x0000029333645e91 sp=0x000000f96d7fb220
Event: 876.393 Thread 0x00000293470c86c0 DEOPT UNPACKING pc=0x0000029332927543 sp=0x000000f96d7fa720 mode 1
Event: 876.393 Thread 0x00000293470c86c0 DEOPT PACKING pc=0x000002933365158c sp=0x000000f96d7fb2d0
Event: 876.393 Thread 0x00000293470c86c0 DEOPT UNPACKING pc=0x0000029332927543 sp=0x000000f96d7fa770 mode 1
Event: 876.393 Thread 0x00000293470c86c0 DEOPT PACKING pc=0x000002933365b09c sp=0x000000f96d7fb320
Event: 876.393 Thread 0x00000293470c86c0 DEOPT UNPACKING pc=0x0000029332927543 sp=0x000000f96d7fa7d0 mode 1
Event: 876.393 Thread 0x00000293470c86c0 DEOPT PACKING pc=0x0000029332bf84b4 sp=0x000000f96d7fb380
Event: 876.393 Thread 0x00000293470c86c0 DEOPT UNPACKING pc=0x0000029332927543 sp=0x000000f96d7fa870 mode 1
Event: 876.393 Thread 0x00000293470c86c0 DEOPT PACKING pc=0x0000029332bf329c sp=0x000000f96d7fb430
Event: 876.393 Thread 0x00000293470c86c0 DEOPT UNPACKING pc=0x0000029332927543 sp=0x000000f96d7fa9a0 mode 1
Event: 876.393 Thread 0x00000293470c86c0 DEOPT PACKING pc=0x0000029332bf5e3c sp=0x000000f96d7fb560
Event: 876.393 Thread 0x00000293470c86c0 DEOPT UNPACKING pc=0x0000029332927543 sp=0x000000f96d7fa988 mode 1
Event: 876.393 Thread 0x00000293470c86c0 DEOPT PACKING pc=0x000002933336354c sp=0x000000f96d7fc7e0
Event: 876.393 Thread 0x00000293470c86c0 DEOPT UNPACKING pc=0x0000029332927543 sp=0x000000f96d7fbda8 mode 1
Event: 895.231 Thread 0x00000293470cd670 DEOPT PACKING pc=0x0000029333e8555e sp=0x000000f96cffb440
Event: 895.231 Thread 0x00000293470cd670 DEOPT UNPACKING pc=0x0000029332927543 sp=0x000000f96cffa968 mode 3

Classes loaded (20 events):
Event: 876.389 Loading class org/hibernate/engine/query/spi/sql/NativeSQLQueryConstructorReturn
Event: 876.389 Loading class org/hibernate/engine/query/spi/sql/NativeSQLQueryConstructorReturn done
Event: 876.390 Loading class org/hibernate/engine/query/spi/sql/NativeSQLQueryJoinReturn
Event: 876.390 Loading class org/hibernate/engine/query/spi/sql/NativeSQLQueryJoinReturn done
Event: 876.390 Loading class org/hibernate/loader/ColumnEntityAliases
Event: 876.390 Loading class org/hibernate/loader/ColumnEntityAliases done
Event: 876.391 Loading class org/hibernate/loader/custom/RootReturn
Event: 876.391 Loading class org/hibernate/loader/custom/RootReturn done
Event: 876.391 Loading class org/hibernate/loader/custom/ScalarReturn
Event: 876.391 Loading class org/hibernate/loader/custom/ScalarReturn done
Event: 876.391 Loading class org/hibernate/loader/custom/ConstructorReturn
Event: 876.391 Loading class org/hibernate/loader/custom/ConstructorReturn done
Event: 876.391 Loading class org/hibernate/loader/custom/NonScalarResultColumnProcessor
Event: 876.391 Loading class org/hibernate/loader/custom/NonScalarResultColumnProcessor done
Event: 895.189 Loading class org/hibernate/engine/spi/EntityUniqueKey
Event: 895.189 Loading class org/hibernate/engine/spi/EntityUniqueKey done
Event: 895.201 Loading class org/hibernate/collection/internal/AbstractPersistentCollection$1
Event: 895.201 Loading class org/hibernate/collection/internal/AbstractPersistentCollection$1 done
Event: 895.214 Loading class com/fasterxml/jackson/databind/util/EnumValues
Event: 895.214 Loading class com/fasterxml/jackson/databind/util/EnumValues done

Classes unloaded (0 events):
No events

Classes redefined (7 events):
Event: 109.303 Thread 0x000002934164fda0 redefined class name=com.example.uzum.serviceImpl.ProductServiceImpl, count=1
Event: 243.512 Thread 0x000002934164fda0 redefined class name=com.example.uzum.serviceImpl.ProductServiceImpl, count=2
Event: 455.049 Thread 0x000002934164fda0 redefined class name=com.example.uzum.serviceImpl.ProductServiceImpl, count=3
Event: 816.425 Thread 0x000002934164fda0 redefined class name=com.example.uzum.serviceImpl.ProductServiceImpl, count=4
Event: 842.093 Thread 0x000002934164fda0 redefined class name=com.example.uzum.serviceImpl.ProductServiceImpl, count=5
Event: 871.579 Thread 0x000002934164fda0 redefined class name=com.example.uzum.serviceImpl.ProductServiceImpl, count=6
Event: 894.049 Thread 0x000002934164fda0 redefined class name=com.example.uzum.serviceImpl.ProductServiceImpl, count=7

Internal exceptions (20 events):
Event: 10.989 Thread 0x000002932a970eb0 Exception <a 'java/lang/ClassNotFoundException'{0x0000000718ee2270}: > (0x0000000718ee2270) 
thrown [s\open\src\hotspot\share\prims\jni.cpp, line 536]
Event: 10.990 Thread 0x000002932a970eb0 Exception <a 'java/lang/ClassNotFoundException'{0x0000000718ee9420}: > (0x0000000718ee9420) 
thrown [s\open\src\hotspot\share\prims\jni.cpp, line 536]
Event: 11.014 Thread 0x000002932a970eb0 Exception <a 'java/lang/ClassNotFoundException'{0x0000000718af7550}: > (0x0000000718af7550) 
thrown [s\open\src\hotspot\share\prims\jni.cpp, line 536]
Event: 11.015 Thread 0x000002932a970eb0 Exception <a 'java/lang/ClassNotFoundException'{0x0000000718aff608}: > (0x0000000718aff608) 
thrown [s\open\src\hotspot\share\prims\jni.cpp, line 536]
Event: 11.015 Thread 0x000002932a970eb0 Exception <a 'java/lang/ClassNotFoundException'{0x0000000718b08138}: > (0x0000000718b08138) 
thrown [s\open\src\hotspot\share\prims\jni.cpp, line 536]
Event: 11.016 Thread 0x000002932a970eb0 Exception <a 'java/lang/ClassNotFoundException'{0x0000000718b10708}: > (0x0000000718b10708) 
thrown [s\open\src\hotspot\share\prims\jni.cpp, line 536]
Event: 11.016 Thread 0x000002932a970eb0 Exception <a 'java/lang/ClassNotFoundException'{0x0000000718b19c40}: > (0x0000000718b19c40) 
thrown [s\open\src\hotspot\share\prims\jni.cpp, line 536]
Event: 11.018 Thread 0x000002932a970eb0 Exception <a 'java/lang/ClassNotFoundException'{0x0000000718b3c2a8}: > (0x0000000718b3c2a8) 
thrown [s\open\src\hotspot\share\prims\jni.cpp, line 536]
Event: 11.018 Thread 0x000002932a970eb0 Exception <a 'java/lang/ClassNotFoundException'{0x0000000718b42b20}: > (0x0000000718b42b20) 
thrown [s\open\src\hotspot\share\prims\jni.cpp, line 536]
Event: 11.018 Thread 0x000002932a970eb0 Exception <a 'java/lang/ClassNotFoundException'{0x0000000718b49d30}: > (0x0000000718b49d30) 
thrown [s\open\src\hotspot\share\prims\jni.cpp, line 536]
Event: 11.019 Thread 0x000002932a970eb0 Exception <a 'java/lang/ClassNotFoundException'{0x0000000718b52b20}: > (0x0000000718b52b20) 
thrown [s\open\src\hotspot\share\prims\jni.cpp, line 536]
Event: 11.019 Thread 0x000002932a970eb0 Exception <a 'java/lang/ClassNotFoundException'{0x0000000718b59d78}: > (0x0000000718b59d78) 
thrown [s\open\src\hotspot\share\prims\jni.cpp, line 536]
Event: 11.355 Thread 0x0000029348f5a270 Exception <a 'java/lang/NoSuchMethodError'{0x00000007180cd1b8}: 'java.lang.Object java.lang.invoke.DirectMethodHandle$Holder.invokeInterface(java.lang.Object, java.lang.Object, java.lang.Object, java.lang.Object, java.lang.Object, java.lang.Object, java.lang.Object)'> (0x00000007180cd1b8) 
thrown [s\open\src\hotspot\share\interpreter\linkResolver.cpp, line 774]
Event: 83.865 Thread 0x00000293470c6c30 Exception <a 'java/lang/IncompatibleClassChangeError'{0x00000007174c12d8}: Found class java.lang.Object, but interface was expected> (0x00000007174c12d8) 
thrown [s\open\src\hotspot\share\interpreter\linkResolver.cpp, line 841]
Event: 83.882 Thread 0x00000293470c6c30 Exception <a 'java/lang/NoSuchMethodError'{0x0000000717584938}: 'java.lang.Object java.lang.invoke.DirectMethodHandle$Holder.invokeStaticInit(java.lang.Object, java.lang.Object, java.lang.Object, java.lang.Object, java.lang.Object, java.lang.Object)'> (0x0000000717584938) 
thrown [s\open\src\hotspot\share\interpreter\linkResolver.cpp, line 774]
Event: 84.004 Thread 0x00000293470c6c30 Exception <a 'java/lang/NoClassDefFoundError'{0x0000000716cd0e30}: sun/reflect/Reflection> (0x0000000716cd0e30) 
thrown [s\open\src\hotspot\share\classfile\systemDictionary.cpp, line 244]
Event: 260.419 Thread 0x00000293470c9160 Exception <a 'java/lang/NullPointerException'{0x00000007164af198}> (0x00000007164af198) 
thrown [s\open\src\hotspot\share\interpreter\linkResolver.cpp, line 1374]
Event: 442.833 Thread 0x00000293470c6c30 Exception <a 'java/lang/NullPointerException'{0x00000007165e0470}> (0x00000007165e0470) 
thrown [s\open\src\hotspot\share\interpreter\linkResolver.cpp, line 1374]
Event: 637.990 Thread 0x00000293470c86c0 Implicit null exception at 0x0000029332c4b2cc to 0x0000029332c4b83d
Event: 709.715 Thread 0x00000293470cd670 Exception <a 'java/lang/NoSuchMethodError'{0x0000000715c16b48}: 'java.lang.Object java.lang.invoke.DirectMethodHandle$Holder.invokeVirtual(java.lang.Object, java.lang.Object, java.lang.Object, java.lang.Object, java.lang.Object, java.lang.Object, java.lang.Object, java.lang.Object)'> (0x0000000715c16b48) 
thrown [s\open\src\hotspot\share\interpreter\linkResolver.cpp, line 774]

VM Operations (20 events):
Event: 894.105 Executing VM operation: ChangeBreakpoints done
Event: 894.106 Executing VM operation: ChangeBreakpoints
Event: 894.109 Executing VM operation: ChangeBreakpoints done
Event: 894.113 Executing VM operation: ChangeBreakpoints
Event: 894.116 Executing VM operation: ChangeBreakpoints done
Event: 896.125 Executing VM operation: Cleanup
Event: 896.125 Executing VM operation: Cleanup done
Event: 957.455 Executing VM operation: ChangeBreakpoints
Event: 957.461 Executing VM operation: ChangeBreakpoints done
Event: 961.501 Executing VM operation: Cleanup
Event: 961.501 Executing VM operation: Cleanup done
Event: 970.572 Executing VM operation: Cleanup
Event: 970.572 Executing VM operation: Cleanup done
Event: 975.766 Executing VM operation: ChangeBreakpoints
Event: 975.774 Executing VM operation: ChangeBreakpoints done
Event: 978.806 Executing VM operation: Cleanup
Event: 978.807 Executing VM operation: Cleanup done
Event: 982.127 Executing VM operation: ChangeBreakpoints
Event: 982.130 Executing VM operation: ChangeBreakpoints done
Event: 984.383 Executing VM operation: get/set locals

Events (20 events):
Event: 663.184 Thread 0x0000029346ec4f00 Thread exited: 0x0000029346ec4f00
Event: 668.196 Thread 0x0000029346ec4980 Thread exited: 0x0000029346ec4980
Event: 709.719 Thread 0x0000029345cc1010 Thread added: 0x0000029345cc1010
Event: 709.719 Thread 0x0000029345f8db00 Thread added: 0x0000029345f8db00
Event: 709.719 Thread 0x0000029345f8e080 Thread added: 0x0000029345f8e080
Event: 714.735 Thread 0x0000029345f8e080 Thread exited: 0x0000029345f8e080
Event: 714.735 Thread 0x0000029345f8db00 Thread exited: 0x0000029345f8db00
Event: 719.736 Thread 0x0000029345cc1010 Thread exited: 0x0000029345cc1010
Event: 819.520 Thread 0x0000029345cc1010 Thread added: 0x0000029345cc1010
Event: 819.521 Thread 0x0000029345f8db00 Thread added: 0x0000029345f8db00
Event: 824.537 Thread 0x0000029345cc1010 Thread exited: 0x0000029345cc1010
Event: 824.537 Thread 0x0000029345f8db00 Thread exited: 0x0000029345f8db00
Event: 826.608 Thread 0x0000029345cc1010 Thread added: 0x0000029345cc1010
Event: 831.634 Thread 0x0000029345cc1010 Thread exited: 0x0000029345cc1010
Event: 876.391 Thread 0x0000029345cc1010 Thread added: 0x0000029345cc1010
Event: 881.399 Thread 0x0000029345cc1010 Thread exited: 0x0000029345cc1010
Event: 895.230 Thread 0x0000029345cc1010 Thread added: 0x0000029345cc1010
Event: 900.240 Thread 0x0000029345cc1010 Thread exited: 0x0000029345cc1010
Event: 978.016 Thread 0x0000029345cc1010 Thread added: 0x0000029345cc1010
Event: 983.032 Thread 0x0000029345cc1010 Thread exited: 0x0000029345cc1010


Dynamic libraries:
0x00007ff7a0f90000 - 0x00007ff7a0f9e000 	C:\Users\Javohir\.jdks\openjdk-19.0.2\bin\java.exe
0x00007ff902710000 - 0x00007ff902908000 	C:\Windows\SYSTEM32\ntdll.dll
0x00007ff9022c0000 - 0x00007ff90237f000 	C:\Windows\System32\KERNEL32.DLL
0x00007ff8fffc0000 - 0x00007ff9002b6000 	C:\Windows\System32\KERNELBASE.dll
0x00007ff900360000 - 0x00007ff900460000 	C:\Windows\System32\ucrtbase.dll
0x00007ff8f6d30000 - 0x00007ff8f6d4b000 	C:\Users\Javohir\.jdks\openjdk-19.0.2\bin\VCRUNTIME140.dll
0x00007ff8f6fc0000 - 0x00007ff8f6fd7000 	C:\Users\Javohir\.jdks\openjdk-19.0.2\bin\jli.dll
0x00007ff902120000 - 0x00007ff9022bd000 	C:\Windows\System32\USER32.dll
0x00007ff8fff90000 - 0x00007ff8fffb2000 	C:\Windows\System32\win32u.dll
0x00007ff8e81b0000 - 0x00007ff8e844a000 	C:\Windows\WinSxS\amd64_microsoft.windows.common-controls_6595b64144ccf1df_6.0.19041.1110_none_60b5254171f9507e\COMCTL32.dll
0x00007ff900e50000 - 0x00007ff900e7c000 	C:\Windows\System32\GDI32.dll
0x00007ff901970000 - 0x00007ff901a0e000 	C:\Windows\System32\msvcrt.dll
0x00007ff9005c0000 - 0x00007ff9006d5000 	C:\Windows\System32\gdi32full.dll
0x00007ff8ffef0000 - 0x00007ff8fff8d000 	C:\Windows\System32\msvcp_win.dll
0x00007ff902380000 - 0x00007ff9023b0000 	C:\Windows\System32\IMM32.DLL
0x00007ff8f84b0000 - 0x00007ff8f84bc000 	C:\Users\Javohir\.jdks\openjdk-19.0.2\bin\vcruntime140_1.dll
0x00007ff8ddcf0000 - 0x00007ff8ddd7e000 	C:\Users\Javohir\.jdks\openjdk-19.0.2\bin\msvcp140.dll
0x00007ff8b2f20000 - 0x00007ff8b3be0000 	C:\Users\Javohir\.jdks\openjdk-19.0.2\bin\server\jvm.dll
0x00007ff900d10000 - 0x00007ff900dbf000 	C:\Windows\System32\ADVAPI32.dll
0x00007ff902480000 - 0x00007ff90251c000 	C:\Windows\System32\sechost.dll
0x00007ff900770000 - 0x00007ff900896000 	C:\Windows\System32\RPCRT4.dll
0x00007ff8f8650000 - 0x00007ff8f8677000 	C:\Windows\SYSTEM32\WINMM.dll
0x00007ff8e3bf0000 - 0x00007ff8e3bf9000 	C:\Windows\SYSTEM32\WSOCK32.dll
0x00007ff8f5240000 - 0x00007ff8f524a000 	C:\Windows\SYSTEM32\VERSION.dll
0x00007ff901f00000 - 0x00007ff901f6b000 	C:\Windows\System32\WS2_32.dll
0x00007ff8fe600000 - 0x00007ff8fe612000 	C:\Windows\SYSTEM32\kernel.appcore.dll
0x00007ff8f6fa0000 - 0x00007ff8f6faa000 	C:\Users\Javohir\.jdks\openjdk-19.0.2\bin\jimage.dll
0x00007ff8fa990000 - 0x00007ff8fab74000 	C:\Windows\SYSTEM32\DBGHELP.DLL
0x00007ff8e38e0000 - 0x00007ff8e3914000 	C:\Windows\SYSTEM32\dbgcore.DLL
0x00007ff9006e0000 - 0x00007ff900762000 	C:\Windows\System32\bcryptPrimitives.dll
0x00007ff8e3a80000 - 0x00007ff8e3abc000 	C:\Users\Javohir\.jdks\openjdk-19.0.2\bin\jdwp.dll
0x00007ff8f6d90000 - 0x00007ff8f6d9e000 	C:\Users\Javohir\.jdks\openjdk-19.0.2\bin\instrument.dll
0x00007ff8ec310000 - 0x00007ff8ec336000 	C:\Users\Javohir\.jdks\openjdk-19.0.2\bin\java.dll
0x00007ff8e56e0000 - 0x00007ff8e56f8000 	C:\Users\Javohir\.jdks\openjdk-19.0.2\bin\zip.dll
0x00007ff8d7750000 - 0x00007ff8d7827000 	C:\Users\Javohir\.jdks\openjdk-19.0.2\bin\jsvml.dll
0x00007ff9011c0000 - 0x00007ff901904000 	C:\Windows\System32\SHELL32.dll
0x00007ff8fde50000 - 0x00007ff8fe5e3000 	C:\Windows\SYSTEM32\windows.storage.dll
0x00007ff901a10000 - 0x00007ff901d64000 	C:\Windows\System32\combase.dll
0x00007ff8ff690000 - 0x00007ff8ff6be000 	C:\Windows\SYSTEM32\Wldp.dll
0x00007ff902000000 - 0x00007ff9020ad000 	C:\Windows\System32\SHCORE.dll
0x00007ff900dc0000 - 0x00007ff900e15000 	C:\Windows\System32\shlwapi.dll
0x00007ff8ffd30000 - 0x00007ff8ffd4f000 	C:\Windows\SYSTEM32\profapi.dll
0x00007ff8e3a70000 - 0x00007ff8e3a7c000 	C:\Users\Javohir\.jdks\openjdk-19.0.2\bin\dt_socket.dll
0x00007ff8ff180000 - 0x00007ff8ff1bc000 	C:\Windows\SYSTEM32\IPHLPAPI.DLL
0x00007ff8ff470000 - 0x00007ff8ff4da000 	C:\Windows\system32\mswsock.dll
0x00007ff8eb7a0000 - 0x00007ff8eb7b3000 	C:\Users\Javohir\.jdks\openjdk-19.0.2\bin\net.dll
0x00007ff8f44d0000 - 0x00007ff8f45da000 	C:\Windows\SYSTEM32\WINHTTP.dll
0x00007ff8e5ce0000 - 0x00007ff8e5cf6000 	C:\Users\Javohir\.jdks\openjdk-19.0.2\bin\nio.dll
0x00007ff8ff1c0000 - 0x00007ff8ff28b000 	C:\Windows\SYSTEM32\DNSAPI.dll
0x00007ff900e40000 - 0x00007ff900e48000 	C:\Windows\System32\NSI.dll
0x00007ff8f4c70000 - 0x00007ff8f4c7a000 	C:\Windows\System32\rasadhlp.dll
0x00007ff8f35c0000 - 0x00007ff8f3642000 	C:\Windows\System32\fwpuclnt.dll
0x00007ff9002c0000 - 0x00007ff9002e7000 	C:\Windows\System32\bcrypt.dll
0x00007ff8f4d80000 - 0x00007ff8f4d8a000 	C:\Users\Javohir\.jdks\openjdk-19.0.2\bin\management.dll
0x00007ff8e5cd0000 - 0x00007ff8e5cdb000 	C:\Users\Javohir\.jdks\openjdk-19.0.2\bin\management_ext.dll
0x00007ff902110000 - 0x00007ff902118000 	C:\Windows\System32\PSAPI.DLL
0x00007ff8ff6d0000 - 0x00007ff8ff6e8000 	C:\Windows\SYSTEM32\CRYPTSP.dll
0x00007ff8fedb0000 - 0x00007ff8fede4000 	C:\Windows\system32\rsaenh.dll
0x00007ff8ffcf0000 - 0x00007ff8ffd1e000 	C:\Windows\SYSTEM32\USERENV.dll
0x00007ff8ff600000 - 0x00007ff8ff60c000 	C:\Windows\SYSTEM32\CRYPTBASE.dll
0x00007ff8f4c50000 - 0x00007ff8f4c67000 	C:\Windows\SYSTEM32\dhcpcsvc6.DLL
0x00007ff8f4c30000 - 0x00007ff8f4c4d000 	C:\Windows\SYSTEM32\dhcpcsvc.DLL
0x00007ff8cd7a0000 - 0x00007ff8cd7b7000 	C:\Windows\system32\napinsp.dll
0x00007ff8cd780000 - 0x00007ff8cd79b000 	C:\Windows\system32\pnrpnsp.dll
0x00007ff8f78c0000 - 0x00007ff8f78d5000 	C:\Windows\system32\wshbth.dll
0x00007ff8f8330000 - 0x00007ff8f834d000 	C:\Windows\system32\NLAapi.dll
0x00007ff8cd760000 - 0x00007ff8cd772000 	C:\Windows\System32\winrnr.dll
0x00007ff8e0040000 - 0x00007ff8e0048000 	C:\Users\Javohir\.jdks\openjdk-19.0.2\bin\extnet.dll
0x00007ff8f6d60000 - 0x00007ff8f6d70000 	C:\Users\Javohir\.jdks\openjdk-19.0.2\bin\verify.dll
0x00007ff8e0050000 - 0x00007ff8e005e000 	C:\Users\Javohir\.jdks\openjdk-19.0.2\bin\sunmscapi.dll
0x00007ff900460000 - 0x00007ff9005be000 	C:\Windows\System32\CRYPT32.dll
0x00007ff8ff7e0000 - 0x00007ff8ff808000 	C:\Windows\SYSTEM32\ncrypt.dll
0x00007ff8ff7a0000 - 0x00007ff8ff7db000 	C:\Windows\SYSTEM32\NTASN1.dll
0x00007ff8f4b60000 - 0x00007ff8f4b67000 	C:\Windows\system32\wshunix.dll

dbghelp: loaded successfully - version: 4.0.5 - missing functions: none
symbol engine: initialized successfully - sym options: 0x614 - pdb path: .;C:\Users\Javohir\.jdks\openjdk-19.0.2\bin;C:\Windows\SYSTEM32;C:\Windows\WinSxS\amd64_microsoft.windows.common-controls_6595b64144ccf1df_6.0.19041.1110_none_60b5254171f9507e;C:\Users\Javohir\.jdks\openjdk-19.0.2\bin\server

VM Arguments:
jvm_args: -agentlib:jdwp=transport=dt_socket,address=127.0.0.1:59286,suspend=y,server=n -XX:TieredStopAtLevel=1 -Dspring.output.ansi.enabled=always -Dcom.sun.management.jmxremote -Dspring.jmx.enabled=true -Dspring.liveBeansView.mbeanDomain -Dspring.application.admin.enabled=true -Dmanagement.endpoints.jmx.exposure.include=* -javaagent:C:\Users\Javohir\AppData\Local\JetBrains\IntelliJIdea2023.1\captureAgent\debugger-agent.jar -Dfile.encoding=UTF-8 -Dsun.stdout.encoding=UTF-8 -Dsun.stderr.encoding=UTF-8 
java_command: com.example.uzum.UzumApplication
java_class_path (initial): C:\E_Commerce-Uzum-Market\target\classes;C:\Users\Javohir\.m2\repository\org\springframework\boot\spring-boot-starter-data-jpa\2.7.9-SNAPSHOT\spring-boot-starter-data-jpa-2.7.9-20230223.030705-36.jar;C:\Users\Javohir\.m2\repository\org\springframework\boot\spring-boot-starter-aop\2.7.9-SNAPSHOT\spring-boot-starter-aop-2.7.9-20230223.030705-36.jar;C:\Users\Javohir\.m2\repository\org\aspectj\aspectjweaver\1.9.7\aspectjweaver-1.9.7.jar;C:\Users\Javohir\.m2\repository\org\springframework\boot\spring-boot-starter-jdbc\2.7.9-SNAPSHOT\spring-boot-starter-jdbc-2.7.9-20230223.030705-36.jar;C:\Users\Javohir\.m2\repository\com\zaxxer\HikariCP\4.0.3\HikariCP-4.0.3.jar;C:\Users\Javohir\.m2\repository\org\springframework\spring-jdbc\5.3.25\spring-jdbc-5.3.25.jar;C:\Users\Javohir\.m2\repository\jakarta\transaction\jakarta.transaction-api\1.3.3\jakarta.transaction-api-1.3.3.jar;C:\Users\Javohir\.m2\repository\jakarta\persistence\jakarta.persistence-api\2.2.3\jakarta.persistence-api-2.2.3.jar;C:\Users\Javohir\.m2\repository\org\hibernate\hibernate-core\5.6.15.Final\hibernate-core-5.6.15.Final.jar;C:\Users\Javohir\.m2\repository\antlr\antlr\2.7.7\antlr-2.7.7.jar;C:\Users\Javohir\.m2\repository\org\jboss\jandex\2.4.2.Final\jandex-2.4.2.Final.jar;C:\Users\Javohir\.m2\repository\org\hibernate\common\hibernate-commons-annotations\5.1.2.Final\hibernate-commons-annotations-5.1.2.Final.jar;C:\Users\Javohir\.m2\repository\org\glassfish\jaxb\jaxb-runtime\2.3.8\jaxb-runtime-2.3.8.jar;C:\Users\Javohir\.m2\repository\jakarta\xml\bind\jakarta.xml.bind-api\2.3.3\jakarta.xml.bind-api-2.3.3.jar;C:\Users\Javohir\.m2\repository\org\glassfish\jaxb\txw2\2.3.8\txw2-2.3.8.jar;C:\Users\Javohir\.m2\repository\com\sun\istack\istack-commons-runtime\3.0.12\istack-commons-runtime-3.0.12.jar;C:\Users\Javohir\.m2\repository\org\springframework\data\spring-data-jpa\2.7.8\spring-data-jpa-2.7.8.jar;C:\Users\Javohir\.m2\repository\org\springframework\data\spring-data-commons\2.7.8\spring-data-commons-2.7.8.jar;C:\Users\Javohir\.m2\repository\org\springframework\spring-orm\5.3.25\spring-orm-5.3.25.jar;C:\Users\Javohir\.m2\repository\org\springframework\spring-tx\5.3.25\spring-tx-5.3.25.jar;C:\Users\Javohir\.m2\repository\org\springframework\spring-aspects\5.3.25\spring-aspects-5.3.25.jar;C:\Users\Javohir\.m2\repository\org\springframework\boot\spring-boot-starter-validation\3.0.5\spring-boot-starter-validation-3.0.5.jar;C:\Users\Javohir\.m2\repository\org\springframework\boot\spring-boot-starter\2.7.9-SNAPSHOT\spring-boot-starter-2.7.9-20230223.030705-36.jar;C:\Users\Javohir\.m2\repository\org\springframework\boot\spring-boot-autoconfigure\2.7.9-SNAPSHOT\spring-boot-autoconfigure-2.7.9-20230223.030705-36.jar;C:\Users\Javohir\.m2\repository\org\springframework\boot\spring-boot-starter-logging\2.7.9-SNAPSHOT\spring-boot-starter-logging-2.7.9-20230223.030705-36.jar;C:\Users\Javohir\.m2\repository\ch\qos\logback\logback-classic\1.2.11\logback-classic-1.2.11.jar;C:\Users\Javohir\.m2\repository\ch\qos\logback\logback-core\1.2.11\logback-core-1.2.11.jar;C:\Users\Javohir\.m2\repository\org\apache\logging\log4j\log4j-to-slf4j\2.17.2\log4j-to-slf4j-2.17.2.jar;C:\Users\Javohir\.m2\repository\org\slf4j\jul-to-slf4j\1.7.36\jul-to-slf4j-1.7.36.jar;C:\Users\Javohir\.m2\repository\jakarta\annotation\jakarta.annotation-api\1.3.5\jakarta.annotation-api-1.3.5.jar;C:\Users\Javohir\.m2\repository\org\yaml\snakeyaml\1.30\snakeyaml-1.30.jar;C:\Users\Javohir\.m2\repository\org\apache\tomcat\embed\tomcat-embed-el\9.0.71\tomcat-embed-el-9.0.71.jar;C:\Users\Javohir\.m2\repository\org\springframework\boot\spring-boot-starter-web\2.7.9-SNAPSHOT\spring-boot-starter-web-2.7.9-20230223.030705-36.jar;C:\Users\Javohir\.m2\repository\org\springframework\boot\spring-boot-starter-json\2.7.9-SNAPSHOT\spring-boot-starter-json-2.7.9-20230223.030705-36.jar;C:\Users\Javohir\.m2\repository\com\fasterxml\jackson\datatype\jackson-datatype-jdk8\2.13.5\jackson-datatype-jdk8-2.13.5.jar;C:\Users\Javohir\.m2\repository\com\fasterxml\jackson\datatype\jackson-datatype-jsr310\2.13.5\jackson-datatype-jsr310-2.13.5.jar;C:\Users\Javohir\.m2\repository\com\fasterxml\jackson\module\jackson-module-parameter-names\2.13.5\jackson-module-parameter-names-2.13.5.jar;C:\Users\Javohir\.m2\repository\org\springframework\boot\spring-boot-starter-tomcat\2.7.9-SNAPSHOT\spring-boot-starter-tomcat-2.7.9-20230223.030705-36.jar;C:\Users\Javohir\.m2\repository\org\apache\tomcat\embed\tomcat-embed-core\9.0.71\tomcat-embed-core-9.0.71.jar;C:\Users\Javohir\.m2\repository\org\apache\tomcat\embed\tomcat-embed-websocket\9.0.71\tomcat-embed-websocket-9.0.71.jar;C:\Users\Javohir\.m2\repository\org\springframework\spring-web\5.3.25\spring-web-5.3.25.jar;C:\Users\Javohir\.m2\repository\org\springframework\spring-webmvc\5.3.25\spring-webmvc-5.3.25.jar;C:\Users\Javohir\.m2\repository\org\springframework\spring-expression\5.3.25\spring-expression-5.3.25.jar;C:\Users\Javohir\.m2\repository\org\postgresql\postgresql\42.6.0\postgresql-42.6.0.jar;C:\Users\Javohir\.m2\repository\org\checkerframework\checker-qual\3.31.0\checker-qual-3.31.0.jar;C:\Users\Javohir\.m2\repository\org\projectlombok\lombok\1.18.26\lombok-1.18.26.jar;C:\Users\Javohir\.m2\repository\org\springframework\boot\spring-boot\2.7.9-SNAPSHOT\spring-boot-2.7.9-20230223.030705-36.jar;C:\Users\Javohir\.m2\repository\com\twilio\sdk\twilio\7.34.0\twilio-7.34.0.jar;C:\Users\Javohir\.m2\repository\com\google\guava\guava\18.0\guava-18.0.jar;C:\Users\Javohir\.m2\repository\joda-time\joda-time\2.5\joda-time-2.5.jar;C:\Users\Javohir\.m2\repository\io\jsonwebtoken\jjwt\0.4\jjwt-0.4.jar;C:\Users\Javohir\.m2\repository\org\apache\httpcomponents\httpclient\4.5.14\httpclient-4.5.14.jar;C:\Users\Javohir\.m2\repository\commons-codec\commons-codec\1.15\commons-codec-1.15.jar;C:\Users\Javohir\.m2\repository\org\apache\httpcomponents\httpcore\4.4.16\httpcore-4.4.16.jar;C:\Users\Javohir\.m2\repository\com\fasterxml\jackson\core\jackson-core\2.13.5\jackson-core-2.13.5.jar;C:\Users\Javohir\.m2\repository\com\fasterxml\jackson\core\jackson-annotations\2.13.5\jackson-annotations-2.13.5.jar;C:\Users\Javohir\.m2\repository\com\fasterxml\jackson\core\jackson-databind\2.13.5\jackson-databind-2.13.5.jar;C:\Users\Javohir\.m2\repository\javax\xml\bind\jaxb-api\2.3.1\jaxb-api-2.3.1.jar;C:\Users\Javohir\.m2\repository\javax\activation\javax.activation-api\1.2.0\javax.activation-api-1.2.0.jar;C:\Users\Javohir\.m2\repository\org\springframework\boot\spring-boot-starter-security\3.0.6\spring-boot-starter-security-3.0.6.jar;C:\Users\Javohir\.m2\repository\org\springframework\spring-aop\5.3.25\spring-aop-5.3.25.jar;C:\Users\Javohir\.m2\repository\org\springframework\security\spring-security-config\5.7.7\spring-security-config-5.7.7.jar;C:\Users\Javohir\.m2\repository\org\springframework\security\spring-security-core\5.7.7\spring-security-core-5.7.7.jar;C:\Users\Javohir\.m2\repository\org\springframework\security\spring-security-crypto\5.7.7\spring-security-crypto-5.7.7.jar;C:\Users\Javohir\.m2\repository\org\springframework\security\spring-security-web\5.7.7\spring-security-web-5.7.7.jar;C:\Users\Javohir\.m2\repository\io\jsonwebtoken\jjwt-api\0.11.5\jjwt-api-0.11.5.jar;C:\Users\Javohir\.m2\repository\io\jsonwebtoken\jjwt-impl\0.11.5\jjwt-impl-0.11.5.jar;C:\Users\Javohir\.m2\repository\io\jsonwebtoken\jjwt-jackson\0.11.5\jjwt-jackson-0.11.5.jar;C:\Users\Javohir\.m2\repository\org\springframework\boot\spring-boot-starter-mail\2.5.6\spring-boot-starter-mail-2.5.6.jar;C:\Users\Javohir\.m2\repository\com\sun\mail\jakarta.mail\1.6.7\jakarta.mail-1.6.7.jar;C:\Users\Javohir\.m2\repository\com\sun\activation\jakarta.activation\1.2.2\jakarta.activation-1.2.2.jar;C:\Users\Javohir\.m2\repository\org\springframework\spring-context-support\5.2.8.RELEASE\spring-context-support-5.2.8.RELEASE.jar;C:\Users\Javohir\.m2\repository\org\springframework\spring-beans\5.3.25\spring-beans-5.3.25.jar;C:\Users\Javohir\.m2\repository\org\springframework\spring-context\5.3.25\spring-context-5.3.25.jar;C:\Users\Javohir\.m2\repository\org\springframework\spring-core\5.3.25\spring-core-5.3.25.jar;C:\Users\Javohir\.m2\repository\org\springframework\spring-jcl\5.3.25\spring-jcl-5.3.25.jar;C:\Users\Javohir\.m2\repository\com\google\maps\google-maps-services\2.2.0\google-maps-services-2.2.0.jar;C:\Users\Javohir\.m2\repository\com\squareup\okhttp3\okhttp\4.9.3\okhttp-4.9.3.jar;C:\Users\Javohir\.m2\repository\com\squareup\okio\okio\2.8.0\okio-2.8.0.jar;C:\Users\Javohir\.m2\repository\org\jetbrains\kotlin\kotlin-stdlib-common\1.6.21\kotlin-stdlib-common-1.6.21.jar;C:\Users\Javohir\.m2\repository\org\jetbrains\kotlin\kotlin-stdlib\1.6.21\kotlin-stdlib-1.6.21.jar;C:\Users\Javohir\.m2\repository\org\jetbrains\annotations\13.0\annotations-13.0.jar;C:\Users\Javohir\.m2\repository\com\google\code\gson\gson\2.9.1\gson-2.9.1.jar;C:\Users\Javohir\.m2\repository\io\opencensus\opencensus-api\0.31.0\opencensus-api-0.31.0.jar;C:\Users\Javohir\.m2\repository\io\grpc\grpc-context\1.27.2\grpc-context-1.27.2.jar;C:\Users\Javohir\.m2\repository\org\slf4j\slf4j-api\1.7.36\slf4j-api-1.7.36.jar;C:\Users\Javohir\.m2\repository\org\json\json\20230227\json-20230227.jar;C:\Users\Javohir\.m2\repository\io\springfox\springfox-swagger2\3.0.0\springfox-swagger2-3.0.0.jar;C:\Users\Javohir\.m2\repository\io\springfox\springfox-spi\3.0.0\springfox-spi-3.0.0.jar;C:\Users\Javohir\.m2\repository\io\springfox\springfox-core\3.0.0\springfox-core-3.0.0.jar;C:\Users\Javohir\.m2\repository\io\springfox\springfox-schema\3.0.0\springfox-schema-3.0.0.jar;C:\Users\Javohir\.m2\repository\io\springfox\springfox-swagger-common\3.0.0\springfox-swagger-common-3.0.0.jar;C:\Users\Javohir\.m2\repository\io\swagger\core\v3\swagger-annotations\2.1.2\swagger-annotations-2.1.2.jar;C:\Users\Javohir\.m2\repository\io\springfox\springfox-spring-web\3.0.0\springfox-spring-web-3.0.0.jar;C:\Users\Javohir\.m2\repository\io\github\classgraph\classgraph\4.8.83\classgraph-4.8.83.jar;C:\Users\Javohir\.m2\repository\io\springfox\springfox-spring-webmvc\3.0.0\springfox-spring-webmvc-3.0.0.jar;C:\Users\Javohir\.m2\repository\io\springfox\springfox-spring-webflux\3.0.0\springfox-spring-webflux-3.0.0.jar;C:\Users\Javohir\.m2\repository\com\fasterxml\classmate\1.5.1\classmate-1.5.1.jar;C:\Users\Javohir\.m2\repository\org\springframework\plugin\spring-plugin-core\2.0.0.RELEASE\spring-plugin-core-2.0.0.RELEASE.jar;C:\Users\Javohir\.m2\repository\org\springframework\plugin\spring-plugin-metadata\2.0.0.RELEASE\spring-plugin-metadata-2.0.0.RELEASE.jar;C:\Users\Javohir\.m2\repository\io\swagger\swagger-annotations\1.5.20\swagger-annotations-1.5.20.jar;C:\Users\Javohir\.m2\repository\io\swagger\swagger-models\1.5.20\swagger-models-1.5.20.jar;C:\Users\Javohir\.m2\repository\org\mapstruct\mapstruct\1.3.1.Final\mapstruct-1.3.1.Final.jar;C:\Users\Javohir\.m2\repository\io\springfox\springfox-swagger-ui\3.0.0\springfox-swagger-ui-3.0.0.jar;C:\Users\Javohir\.m2\repository\io\springfox\springfox-boot-starter\3.0.0\springfox-boot-starter-3.0.0.jar;C:\Users\Javohir\.m2\repository\io\springfox\springfox-oas\3.0.0\springfox-oas-3.0.0.jar;C:\Users\Javohir\.m2\repository\io\swagger\core\v3\swagger-models\2.1.2\swagger-models-2.1.2.jar;C:\Users\Javohir\.m2\repository\io\springfox\springfox-data-rest\3.0.0\springfox-data-rest-3.0.0.jar;C:\Users\Javohir\.m2\repository\io\springfox\springfox-bean-validators\3.0.0\springfox-bean-validators-3.0.0.jar;C:\Users\Javohir\.m2\repository\org\hibernate\validator\hibernate-validator\6.0.13.Final\hibernate-validator-6.0.13.Final.jar;C:\Users\Javohir\.m2\repository\javax\validation\validation-api\2.0.1.Final\validation-api-2.0.1.Final.jar;C:\Users\Javohir\.m2\repository\org\jboss\logging\jboss-logging\3.4.3.Final\jboss-logging-3.4.3.Final.jar;C:\Users\Javohir\.m2\repository\org\glassfish\javax.el\3.0.0\javax.el-3.0.0.jar;C:\Users\Javohir\.m2\repository\net\bytebuddy\byte-buddy\1.12.23\byte-buddy-1.12.23.jar;C:\Users\Javohir\.m2\repository\org\apache\logging\log4j\log4j-core\2.20.0\log4j-core-2.20.0.jar;C:\Users\Javohir\.m2\repository\org\apache\logging\log4j\log4j-api\2.20.0\log4j-api-2.20.0.jar;C:\Users\Javohir\.m2\repository\org\springframework\boot\spring-boot-configuration-processor\2.7.9-SNAPSHOT\spring-boot-configuration-processor-2.7.9-20230223.030705-36.jar;C:\Users\Javohir\.m2\repository\com\mailjet\mailjet-client\5.2.3\mailjet-client-5.2.3.jar;C:\Program Files\JetBrains\IntelliJ IDEA 2023.1.2\lib\idea_rt.jar
Launcher Type: SUN_STANDARD

[Global flags]
     intx CICompilerCount                          = 4                                         {product} {ergonomic}
     uint ConcGCThreads                            = 2                                         {product} {ergonomic}
     uint G1ConcRefinementThreads                  = 8                                         {product} {ergonomic}
   size_t G1HeapRegionSize                         = 2097152                                   {product} {ergonomic}
    uintx GCDrainStackTargetSize                   = 64                                        {product} {ergonomic}
   size_t InitialHeapSize                          = 266338304                                 {product} {ergonomic}
     bool ManagementServer                         = true                                      {product} {command line}
   size_t MarkStackSize                            = 4194304                                   {product} {ergonomic}
   size_t MaxHeapSize                              = 4248829952                                {product} {ergonomic}
   size_t MaxNewSize                               = 2548039680                                {product} {ergonomic}
   size_t MinHeapDeltaBytes                        = 2097152                                   {product} {ergonomic}
   size_t MinHeapSize                              = 8388608                                   {product} {ergonomic}
    uintx NonProfiledCodeHeapSize                  = 0                                      {pd product} {ergonomic}
     bool ProfileInterpreter                       = false                                  {pd product} {command line}
    uintx ProfiledCodeHeapSize                     = 0                                      {pd product} {ergonomic}
   size_t SoftMaxHeapSize                          = 4248829952                             {manageable} {ergonomic}
     intx TieredStopAtLevel                        = 1                                         {product} {command line}
     bool UseCompressedClassPointers               = true                           {product lp64_product} {ergonomic}
     bool UseCompressedOops                        = true                           {product lp64_product} {ergonomic}
     bool UseG1GC                                  = true                                      {product} {ergonomic}
     bool UseLargePagesIndividualAllocation        = false                                  {pd product} {ergonomic}

Logging:
Log output configuration:
 #0: stdout all=warning uptime,level,tags foldmultilines=false
 #1: stderr all=off uptime,level,tags foldmultilines=false

Environment Variables:
PATH=C:\ProgramData\Oracle\Java\javapath;C:\Windows\system32;C:\Windows;C:\Windows\System32\Wbem;C:\Windows\System32\WindowsPowerShell\v1.0\;C:\Windows\System32\OpenSSH\;C:\Program Files\Git\cmd;C:\Program Files\PuTTY\;C:\Program Files\nodejs\;C:\Program Files (x86)\Yarn\bin\;C:\Program Files\Docker\Docker\resources\bin;C:\ProgramData\DockerDesktop\version-bin;C:\Program Files\PostgreSQL\13\bin;C:\Users\Javohir\AppData\Local\Microsoft\WindowsApps;C:\Users\Javohir\AppData\Roaming\npm;C:\Users\Javohir\AppData\Local\Yarn\bin;C:\gradle-7.4.2\bin;
USERNAME=Javohir
OS=Windows_NT
PROCESSOR_IDENTIFIER=Intel64 Family 6 Model 142 Stepping 12, GenuineIntel
TMP=C:\Users\Javohir\AppData\Local\Temp
TEMP=C:\Users\Javohir\AppData\Local\Temp



---------------  S Y S T E M  ---------------

OS:
 Windows 10 , 64 bit Build 19041 (10.0.19041.2913)
OS uptime: 10 days 10:32 hours
Hyper-V role detected

CPU: total 8 (initial active 8) (4 cores per cpu, 2 threads per core) family 6 model 142 stepping 12 microcode 0xca, cx8, cmov, fxsr, ht, mmx, 3dnowpref, sse, sse2, sse3, ssse3, sse4.1, sse4.2, popcnt, lzcnt, tsc, tscinvbit, avx, avx2, aes, erms, clmul, bmi1, bmi2, adx, fma, vzeroupper, clflush, clflushopt, hv, rdtscp

Memory: 4k page, system-wide physical 16205M (6290M free)
TotalPageFile size 21069M (AvailPageFile size 7004M)
current process WorkingSet (physical memory assigned to process): 375M, peak: 375M
current process commit charge ("private bytes"): 586M, peak: 586M

vm_info: OpenJDK 64-Bit Server VM (19.0.2+7-44) for windows-amd64 JRE (19.0.2+7-44), built on 2022-11-30T18:02:09Z by "mach5one" with MS VC++ 17.1 (VS2022)

END.
